[I 220430 10:16:19 main:165] I run in /home/pi/msl/alpha
[I 220430 10:16:23 main:201] 2022-04-30_10-16-22.jpg: sunny 0.99609
[I 220430 10:16:36 main:201] 2022-04-30_10-16-36.jpg: sunny 0.99609
[I 220430 10:16:46 main:201] 2022-04-30_10-16-46.jpg: sunny 0.99609
[I 220430 10:16:56 main:201] 2022-04-30_10-16-56.jpg: sunny 0.99609
[I 220430 10:17:06 main:201] 2022-04-30_10-17-05.jpg: sunny 0.98047
[I 220430 10:17:16 main:201] 2022-04-30_10-17-15.jpg: sunny 0.99609
[I 220430 10:17:25 main:201] 2022-04-30_10-17-25.jpg: sunny 0.99609
[I 220430 10:17:35 main:201] 2022-04-30_10-17-35.jpg: sunny 0.82812
[I 220430 10:17:45 main:201] 2022-04-30_10-17-45.jpg: sunny 0.92188
[I 220430 10:17:55 main:201] 2022-04-30_10-17-54.jpg: sunny 0.99219
[I 220430 10:18:05 main:201] 2022-04-30_10-18-04.jpg: sunny 0.91016
[I 220430 10:18:14 main:201] 2022-04-30_10-18-14.jpg: sunny 0.86328
[I 220430 10:18:24 main:201] 2022-04-30_10-18-24.jpg: sunny 0.92969
[I 220430 10:18:34 main:201] 2022-04-30_10-18-34.jpg: sunny 0.98828
[I 220430 10:18:44 main:201] 2022-04-30_10-18-43.jpg: sunny 0.99219
[I 220430 10:18:54 main:201] 2022-04-30_10-18-53.jpg: sunny 0.99219
[I 220430 10:19:03 main:201] 2022-04-30_10-19-03.jpg: sunny 0.99219
[I 220430 10:19:13 main:201] 2022-04-30_10-19-13.jpg: sunny 0.98438
[I 220430 10:19:23 main:201] 2022-04-30_10-19-22.jpg: sunny 0.98828
[I 220430 10:19:33 main:201] 2022-04-30_10-19-32.jpg: sunny 0.85547
[I 220430 10:19:43 main:201] 2022-04-30_10-19-42.jpg: sunny 0.97656
[I 220430 10:19:52 main:201] 2022-04-30_10-19-52.jpg: sunny 0.98438
[I 220430 10:20:02 main:201] 2022-04-30_10-20-02.jpg: sunny 0.99609
[I 220430 10:20:12 main:201] 2022-04-30_10-20-11.jpg: sunny 0.98047
[I 220430 10:20:22 main:201] 2022-04-30_10-20-21.jpg: sunny 0.99609
[I 220430 10:20:31 main:201] 2022-04-30_10-20-31.jpg: sunny 0.99609
[I 220430 10:20:41 main:201] 2022-04-30_10-20-41.jpg: sunny 0.99609
[I 220430 10:20:51 main:201] 2022-04-30_10-20-51.jpg: sunny 0.99609
[I 220430 10:21:01 main:201] 2022-04-30_10-21-00.jpg: sunny 0.96875
[I 220430 10:21:11 main:201] 2022-04-30_10-21-10.jpg: sunny 0.62109
[I 220430 10:21:20 main:201] 2022-04-30_10-21-20.jpg: sunny 0.84766
[I 220430 10:21:30 main:201] 2022-04-30_10-21-30.jpg: sunny 0.99609
[I 220430 10:21:40 main:201] 2022-04-30_10-21-40.jpg: sunny 0.99609
[I 220430 10:21:50 main:201] 2022-04-30_10-21-49.jpg: sunny 0.99609
[I 220430 10:22:00 main:201] 2022-04-30_10-21-59.jpg: sunny 0.99609
[I 220430 10:22:09 main:201] 2022-04-30_10-22-09.jpg: sunny 0.99609
[I 220430 10:22:19 main:201] 2022-04-30_10-22-19.jpg: sunny 0.99609
[I 220430 10:22:29 main:201] 2022-04-30_10-22-29.jpg: sunny 0.99609
[I 220430 10:22:39 main:201] 2022-04-30_10-22-38.jpg: sunny 0.99609
[I 220430 10:22:49 main:201] 2022-04-30_10-22-48.jpg: sunny 0.99609
[I 220430 10:22:58 main:201] 2022-04-30_10-22-58.jpg: sunny 0.89062
[I 220430 10:23:08 main:201] 2022-04-30_10-23-08.jpg: cloudy 0.53125
[I 220430 10:23:18 main:201] 2022-04-30_10-23-18.jpg: sunny 0.99609
[I 220430 10:23:28 main:201] 2022-04-30_10-23-27.jpg: sunny 0.98828
[I 220430 10:23:38 main:201] 2022-04-30_10-23-37.jpg: cloudy 0.98047
[I 220430 10:23:47 main:201] 2022-04-30_10-23-47.jpg: cloudy 0.67578
[I 220430 10:23:57 main:201] 2022-04-30_10-23-57.jpg: sunny 0.56250
[I 220430 10:24:07 main:201] 2022-04-30_10-24-07.jpg: sunny 0.84766
[I 220430 10:24:17 main:201] 2022-04-30_10-24-16.jpg: sunny 0.79688
[I 220430 10:24:27 main:201] 2022-04-30_10-24-26.jpg: sunny 0.99609
[I 220430 10:24:37 main:201] 2022-04-30_10-24-36.jpg: cloudy 0.77344
[I 220430 10:24:46 main:201] 2022-04-30_10-24-46.jpg: cloudy 0.98047
[I 220430 10:24:56 main:201] 2022-04-30_10-24-56.jpg: cloudy 0.93359
[I 220430 10:25:06 main:201] 2022-04-30_10-25-05.jpg: cloudy 0.95703
[I 220430 10:25:16 main:201] 2022-04-30_10-25-15.jpg: cloudy 0.99609
[I 220430 10:25:25 main:201] 2022-04-30_10-25-25.jpg: cloudy 0.98047
[I 220430 10:25:35 main:201] 2022-04-30_10-25-35.jpg: cloudy 0.98047
[I 220430 10:25:45 main:201] 2022-04-30_10-25-45.jpg: cloudy 0.99609
[I 220430 10:25:55 main:201] 2022-04-30_10-25-54.jpg: cloudy 0.94531
[I 220430 10:26:05 main:201] 2022-04-30_10-26-04.jpg: cloudy 0.82812
[I 220430 10:26:14 main:201] 2022-04-30_10-26-14.jpg: cloudy 0.78906
[I 220430 10:26:24 main:201] 2022-04-30_10-26-24.jpg: cloudy 0.61719
[I 220430 10:26:34 main:201] 2022-04-30_10-26-34.jpg: cloudy 0.94141
[I 220430 10:26:44 main:201] 2022-04-30_10-26-43.jpg: rainy 0.99609
[I 220430 10:26:54 main:201] 2022-04-30_10-26-53.jpg: rainy 0.94141
[I 220430 10:27:03 main:201] 2022-04-30_10-27-03.jpg: rainy 0.99609
[I 220430 10:27:13 main:201] 2022-04-30_10-27-13.jpg: rainy 0.94922
[I 220430 10:27:23 main:201] 2022-04-30_10-27-23.jpg: rainy 0.99609
[I 220430 10:27:33 main:201] 2022-04-30_10-27-32.jpg: rainy 0.99609
[I 220430 10:27:43 main:201] 2022-04-30_10-27-42.jpg: rainy 0.99609
[I 220430 10:27:52 main:201] 2022-04-30_10-27-52.jpg: rainy 0.91797
[I 220430 10:28:02 main:201] 2022-04-30_10-28-02.jpg: rainy 0.98047
[I 220430 10:28:12 main:201] 2022-04-30_10-28-12.jpg: rainy 0.96094
[I 220430 10:28:22 main:201] 2022-04-30_10-28-21.jpg: sunny 0.79688
[I 220430 10:28:32 main:201] 2022-04-30_10-28-31.jpg: cloudy 0.65234
[I 220430 10:28:41 main:201] 2022-04-30_10-28-41.jpg: sunny 0.72266
[I 220430 10:28:51 main:201] 2022-04-30_10-28-51.jpg: sunny 0.73438
[I 220430 10:29:01 main:201] 2022-04-30_10-29-01.jpg: sunny 0.94922
[I 220430 10:29:11 main:201] 2022-04-30_10-29-10.jpg: sunny 0.92188
[I 220430 10:29:21 main:201] 2022-04-30_10-29-20.jpg: sunny 0.94531
[I 220430 10:29:30 main:201] 2022-04-30_10-29-30.jpg: sunny 0.54297
[I 220430 10:29:40 main:201] 2022-04-30_10-29-40.jpg: cloudy 0.80469
[I 220430 10:29:50 main:201] 2022-04-30_10-29-50.jpg: cloudy 0.94141
[I 220430 10:30:00 main:201] 2022-04-30_10-29-59.jpg: cloudy 0.75000
[I 220430 10:30:10 main:201] 2022-04-30_10-30-09.jpg: cloudy 0.71484
[I 220430 10:30:19 main:201] 2022-04-30_10-30-19.jpg: cloudy 0.91406
[I 220430 10:30:29 main:201] 2022-04-30_10-30-29.jpg: sunny 0.56250
[I 220430 10:30:39 main:201] 2022-04-30_10-30-39.jpg: sunny 0.61719
[I 220430 10:30:49 main:201] 2022-04-30_10-30-48.jpg: sunny 0.46484
[I 220430 10:30:59 main:201] 2022-04-30_10-30-58.jpg: sunny 0.87109
[I 220430 10:31:09 main:201] 2022-04-30_10-31-08.jpg: sunny 0.95703
[I 220430 10:31:18 main:201] 2022-04-30_10-31-18.jpg: sunny 0.98828
[I 220430 10:31:28 main:201] 2022-04-30_10-31-28.jpg: cloudy 0.58984
[I 220430 10:31:38 main:201] 2022-04-30_10-31-38.jpg: sunny 0.99609
[I 220430 10:31:48 main:201] 2022-04-30_10-31-47.jpg: sunny 0.99609
[I 220430 10:31:58 main:201] 2022-04-30_10-31-57.jpg: sunny 0.99609
[I 220430 10:32:07 main:201] 2022-04-30_10-32-07.jpg: sunny 0.99609
[I 220430 10:32:17 main:201] 2022-04-30_10-32-17.jpg: sunny 0.99609
[I 220430 10:32:27 main:201] 2022-04-30_10-32-27.jpg: sunny 0.99609
[I 220430 10:32:37 main:201] 2022-04-30_10-32-36.jpg: sunny 0.99609
[I 220430 10:32:47 main:201] 2022-04-30_10-32-46.jpg: sunny 0.99609
[I 220430 10:32:56 main:201] 2022-04-30_10-32-56.jpg: sunny 0.99609
[I 220430 10:33:06 main:201] 2022-04-30_10-33-06.jpg: sunny 0.99609
[I 220430 10:33:16 main:201] 2022-04-30_10-33-16.jpg: sunny 0.99609
[I 220430 10:33:26 main:201] 2022-04-30_10-33-25.jpg: sunny 0.99609
[I 220430 10:33:36 main:201] 2022-04-30_10-33-35.jpg: sunny 0.99609
[I 220430 10:33:46 main:201] 2022-04-30_10-33-45.jpg: sunny 0.99609
[I 220430 10:33:55 main:201] 2022-04-30_10-33-55.jpg: sunny 0.99609
[I 220430 10:34:05 main:201] 2022-04-30_10-34-05.jpg: sunny 0.99609
[I 220430 10:34:15 main:201] 2022-04-30_10-34-15.jpg: sunny 0.99609
[I 220430 10:34:25 main:201] 2022-04-30_10-34-24.jpg: sunny 0.99609
[I 220430 10:34:35 main:201] 2022-04-30_10-34-34.jpg: sunny 0.99609
[I 220430 10:34:44 main:201] 2022-04-30_10-34-44.jpg: sunny 0.99609
[I 220430 10:34:54 main:201] 2022-04-30_10-34-54.jpg: sunny 0.99609
[I 220430 10:35:04 main:201] 2022-04-30_10-35-04.jpg: sunny 0.99609
[I 220430 10:35:14 main:201] 2022-04-30_10-35-13.jpg: sunny 0.99609
[I 220430 10:35:24 main:201] 2022-04-30_10-35-23.jpg: sunny 0.99609
[I 220430 10:35:33 main:201] 2022-04-30_10-35-33.jpg: sunny 0.99609
[I 220430 10:35:43 main:201] 2022-04-30_10-35-43.jpg: sunny 0.99609
[I 220430 10:35:53 main:201] 2022-04-30_10-35-53.jpg: sunny 0.99609
[I 220430 10:36:03 main:201] 2022-04-30_10-36-02.jpg: cloudy 0.92969
[I 220430 10:36:13 main:201] 2022-04-30_10-36-12.jpg: cloudy 0.98047
[I 220430 10:36:22 main:201] 2022-04-30_10-36-22.jpg: cloudy 0.98828
[I 220430 10:36:32 main:201] 2022-04-30_10-36-32.jpg: cloudy 0.99219
[I 220430 10:36:42 main:201] 2022-04-30_10-36-42.jpg: sunny 0.70312
[I 220430 10:36:52 main:201] 2022-04-30_10-36-51.jpg: sunny 0.53125
[I 220430 10:37:02 main:201] 2022-04-30_10-37-01.jpg: sunny 0.99219
[I 220430 10:37:11 main:201] 2022-04-30_10-37-11.jpg: sunny 0.99219
[I 220430 10:37:21 main:201] 2022-04-30_10-37-21.jpg: sunny 0.99609
[I 220430 10:37:31 main:201] 2022-04-30_10-37-31.jpg: sunny 0.99609
[I 220430 10:37:41 main:201] 2022-04-30_10-37-40.jpg: sunny 0.99609
[I 220430 10:37:51 main:201] 2022-04-30_10-37-50.jpg: sunny 0.99609
[I 220430 10:38:00 main:201] 2022-04-30_10-38-00.jpg: sunny 0.99609
[I 220430 10:38:10 main:201] 2022-04-30_10-38-10.jpg: sunny 0.99609
[I 220430 10:38:20 main:201] 2022-04-30_10-38-20.jpg: sunny 0.99609
[I 220430 10:38:30 main:201] 2022-04-30_10-38-29.jpg: sunny 0.99609
[I 220430 10:38:40 main:201] 2022-04-30_10-38-39.jpg: sunny 0.99609
[I 220430 10:38:50 main:201] 2022-04-30_10-38-49.jpg: sunny 0.99609
[I 220430 10:38:59 main:201] 2022-04-30_10-38-59.jpg: sunny 0.62109
[I 220430 10:39:09 main:201] 2022-04-30_10-39-09.jpg: cloudy 0.98828
[I 220430 10:39:19 main:201] 2022-04-30_10-39-18.jpg: cloudy 0.97656
[I 220430 10:39:29 main:201] 2022-04-30_10-39-28.jpg: cloudy 0.95312
[I 220430 10:39:39 main:201] 2022-04-30_10-39-38.jpg: rainy 0.96484
[I 220430 10:39:48 main:201] 2022-04-30_10-39-48.jpg: rainy 0.92969
[I 220430 10:39:58 main:201] 2022-04-30_10-39-58.jpg: cloudy 0.60547
[I 220430 10:40:08 main:201] 2022-04-30_10-40-08.jpg: cloudy 0.83203
[I 220430 10:40:18 main:201] 2022-04-30_10-40-17.jpg: cloudy 0.99219
[I 220430 10:40:28 main:201] 2022-04-30_10-40-27.jpg: cloudy 0.97266
[I 220430 10:40:37 main:201] 2022-04-30_10-40-37.jpg: cloudy 0.89062
[I 220430 10:40:47 main:201] 2022-04-30_10-40-47.jpg: cloudy 0.99609
[I 220430 10:40:57 main:201] 2022-04-30_10-40-57.jpg: cloudy 0.89062
[I 220430 10:41:07 main:201] 2022-04-30_10-41-06.jpg: cloudy 0.97656
[I 220430 10:41:17 main:201] 2022-04-30_10-41-16.jpg: cloudy 0.93750
[I 220430 10:41:26 main:201] 2022-04-30_10-41-26.jpg: cloudy 0.94922
[I 220430 10:41:36 main:201] 2022-04-30_10-41-36.jpg: cloudy 0.99609
[I 220430 10:41:46 main:201] 2022-04-30_10-41-46.jpg: cloudy 0.98047
[I 220430 10:41:56 main:201] 2022-04-30_10-41-55.jpg: cloudy 0.64453
[I 220430 10:42:06 main:201] 2022-04-30_10-42-05.jpg: cloudy 0.95703
[I 220430 10:42:16 main:201] 2022-04-30_10-42-15.jpg: cloudy 0.99609
[I 220430 10:42:25 main:201] 2022-04-30_10-42-25.jpg: cloudy 0.99609
[I 220430 10:42:35 main:201] 2022-04-30_10-42-35.jpg: cloudy 0.98438
[I 220430 10:42:45 main:201] 2022-04-30_10-42-44.jpg: cloudy 0.99609
[I 220430 10:42:55 main:201] 2022-04-30_10-42-54.jpg: cloudy 0.95703
[I 220430 10:43:05 main:201] 2022-04-30_10-43-04.jpg: cloudy 0.92969
[I 220430 10:43:14 main:201] 2022-04-30_10-43-14.jpg: cloudy 0.91797
[I 220430 10:43:24 main:201] 2022-04-30_10-43-24.jpg: rainy 0.68359
[I 220430 10:43:34 main:201] 2022-04-30_10-43-34.jpg: rainy 0.61719
[I 220430 10:43:44 main:201] 2022-04-30_10-43-43.jpg: sunny 0.64453
[I 220430 10:43:54 main:201] 2022-04-30_10-43-53.jpg: cloudy 0.78125
[I 220430 10:44:04 main:201] 2022-04-30_10-44-03.jpg: cloudy 0.64844
[I 220430 10:44:13 main:201] 2022-04-30_10-44-13.jpg: sunny 0.98828
[I 220430 10:44:23 main:201] 2022-04-30_10-44-23.jpg: sunny 0.99609
[I 220430 10:44:33 main:201] 2022-04-30_10-44-33.jpg: sunny 0.83203
[I 220430 10:44:43 main:201] 2022-04-30_10-44-42.jpg: sunny 0.99609
[I 220430 10:44:53 main:201] 2022-04-30_10-44-52.jpg: sunny 0.99609
[I 220430 10:45:03 main:201] 2022-04-30_10-45-02.jpg: sunny 0.99609
[I 220430 10:45:12 main:201] 2022-04-30_10-45-12.jpg: sunny 0.99609
[I 220430 10:45:22 main:201] 2022-04-30_10-45-22.jpg: sunny 0.84766
[I 220430 10:45:32 main:201] 2022-04-30_10-45-32.jpg: sunny 0.98438
[I 220430 10:45:42 main:201] 2022-04-30_10-45-41.jpg: sunny 0.99609
[I 220430 10:45:52 main:201] 2022-04-30_10-45-51.jpg: sunny 0.99219
[I 220430 10:46:02 main:201] 2022-04-30_10-46-01.jpg: sunny 0.99609
[I 220430 10:46:11 main:201] 2022-04-30_10-46-11.jpg: sunny 0.99609
[I 220430 10:46:21 main:201] 2022-04-30_10-46-21.jpg: sunny 0.99609
[I 220430 10:46:31 main:201] 2022-04-30_10-46-31.jpg: sunny 0.99609
[I 220430 10:46:41 main:201] 2022-04-30_10-46-40.jpg: sunny 0.99609
[I 220430 10:46:51 main:201] 2022-04-30_10-46-50.jpg: sunny 0.99609
[I 220430 10:47:01 main:201] 2022-04-30_10-47-00.jpg: sunny 0.99609
[I 220430 10:47:10 main:201] 2022-04-30_10-47-10.jpg: sunny 0.98438
[I 220430 10:47:20 main:201] 2022-04-30_10-47-20.jpg: cloudy 0.92188
[I 220430 10:47:30 main:201] 2022-04-30_10-47-30.jpg: cloudy 0.99609
[I 220430 10:47:40 main:201] 2022-04-30_10-47-40.jpg: cloudy 0.99609
[I 220430 10:47:50 main:201] 2022-04-30_10-47-49.jpg: cloudy 0.99609
[I 220430 10:48:00 main:201] 2022-04-30_10-47-59.jpg: cloudy 0.99609
[I 220430 10:48:10 main:201] 2022-04-30_10-48-09.jpg: cloudy 0.94922
[I 220430 10:48:20 main:201] 2022-04-30_10-48-19.jpg: cloudy 0.93750
[I 220430 10:48:30 main:201] 2022-04-30_10-48-29.jpg: cloudy 0.61719
[I 220430 10:48:39 main:201] 2022-04-30_10-48-39.jpg: cloudy 0.79688
[I 220430 10:48:49 main:201] 2022-04-30_10-48-49.jpg: twilight 0.99609
[I 220430 10:48:59 main:201] 2022-04-30_10-48-59.jpg: twilight 0.99609
[I 220430 10:49:09 main:201] 2022-04-30_10-49-09.jpg: twilight 0.99609
[I 220430 10:49:19 main:201] 2022-04-30_10-49-19.jpg: twilight 0.99219
[I 220430 10:49:29 main:201] 2022-04-30_10-49-28.jpg: twilight 0.98438
[I 220430 10:49:39 main:201] 2022-04-30_10-49-38.jpg: twilight 0.98047
[I 220430 10:49:49 main:201] 2022-04-30_10-49-48.jpg: twilight 0.98438
[I 220430 10:49:59 main:201] 2022-04-30_10-49-58.jpg: twilight 0.97656
[I 220430 10:50:09 main:201] 2022-04-30_10-50-08.jpg: twilight 0.97656
[I 220430 10:50:18 main:201] 2022-04-30_10-50-18.jpg: twilight 0.98438
[I 220430 10:50:28 main:201] 2022-04-30_10-50-28.jpg: twilight 0.97656
[I 220430 10:50:38 main:201] 2022-04-30_10-50-38.jpg: twilight 0.98438
[I 220430 10:50:48 main:201] 2022-04-30_10-50-48.jpg: twilight 0.98828
[I 220430 10:50:58 main:201] 2022-04-30_10-50-58.jpg: twilight 0.98438
[I 220430 10:51:08 main:201] 2022-04-30_10-51-07.jpg: twilight 0.60547
[I 220430 10:51:18 main:201] 2022-04-30_10-51-17.jpg: night 0.79688
[I 220430 10:51:28 main:201] 2022-04-30_10-51-27.jpg: night 0.90234
[I 220430 10:51:38 main:201] 2022-04-30_10-51-37.jpg: twilight 0.58984
[I 220430 10:51:48 main:201] 2022-04-30_10-51-47.jpg: twilight 0.98828
[I 220430 10:51:57 main:201] 2022-04-30_10-51-57.jpg: twilight 0.97656
[I 220430 10:52:07 main:201] 2022-04-30_10-52-07.jpg: twilight 0.96484
[I 220430 10:52:17 main:201] 2022-04-30_10-52-17.jpg: twilight 0.97656
[I 220430 10:52:27 main:201] 2022-04-30_10-52-27.jpg: twilight 0.96875
[I 220430 10:52:37 main:201] 2022-04-30_10-52-37.jpg: twilight 0.96875
[I 220430 10:52:47 main:201] 2022-04-30_10-52-46.jpg: twilight 0.98047
[I 220430 10:52:57 main:201] 2022-04-30_10-52-56.jpg: night 0.92578
[I 220430 10:53:07 main:201] 2022-04-30_10-53-06.jpg: night 0.99609
[I 220430 10:53:17 main:201] 2022-04-30_10-53-16.jpg: night 0.99609
[I 220430 10:53:27 main:201] 2022-04-30_10-53-26.jpg: night 0.99609
[I 220430 10:53:37 main:201] 2022-04-30_10-53-36.jpg: night 0.99609
[I 220430 10:53:46 main:201] 2022-04-30_10-53-46.jpg: night 0.99609
[I 220430 10:53:56 main:201] 2022-04-30_10-53-56.jpg: night 0.99609
[I 220430 10:54:06 main:201] 2022-04-30_10-54-06.jpg: night 0.99609
[I 220430 10:54:16 main:201] 2022-04-30_10-54-15.jpg: night 0.99609
[I 220430 10:54:26 main:201] 2022-04-30_10-54-25.jpg: night 0.99609
[I 220430 10:54:36 main:201] 2022-04-30_10-54-35.jpg: night 0.99609
[I 220430 10:54:46 main:201] 2022-04-30_10-54-45.jpg: night 0.99609
[I 220430 10:54:56 main:201] 2022-04-30_10-54-55.jpg: night 0.99609
[I 220430 10:55:05 main:201] 2022-04-30_10-55-05.jpg: night 0.99609
[I 220430 10:55:15 main:201] 2022-04-30_10-55-15.jpg: night 0.99609
[I 220430 10:55:25 main:201] 2022-04-30_10-55-25.jpg: night 0.99609
[I 220430 10:55:35 main:201] 2022-04-30_10-55-35.jpg: night 0.99609
[I 220430 10:55:45 main:201] 2022-04-30_10-55-45.jpg: night 0.99609
[I 220430 10:55:55 main:201] 2022-04-30_10-55-54.jpg: night 0.99609
[I 220430 10:56:05 main:201] 2022-04-30_10-56-04.jpg: night 0.99609
[I 220430 10:56:15 main:201] 2022-04-30_10-56-14.jpg: night 0.99609
[I 220430 10:56:25 main:201] 2022-04-30_10-56-24.jpg: night 0.99609
[I 220430 10:56:34 main:201] 2022-04-30_10-56-34.jpg: night 0.99609
[I 220430 10:56:44 main:201] 2022-04-30_10-56-44.jpg: night 0.99609
[I 220430 10:56:54 main:201] 2022-04-30_10-56-54.jpg: night 0.99609
[I 220430 10:57:04 main:201] 2022-04-30_10-57-04.jpg: night 0.99609
[I 220430 10:57:14 main:201] 2022-04-30_10-57-14.jpg: night 0.99609
[I 220430 10:57:24 main:201] 2022-04-30_10-57-23.jpg: night 0.99609
[I 220430 10:57:34 main:201] 2022-04-30_10-57-33.jpg: night 0.99609
[I 220430 10:57:44 main:201] 2022-04-30_10-57-43.jpg: night 0.99609
[I 220430 10:57:54 main:201] 2022-04-30_10-57-53.jpg: night 0.99609
[I 220430 10:58:04 main:201] 2022-04-30_10-58-03.jpg: night 0.99609
[I 220430 10:58:13 main:201] 2022-04-30_10-58-13.jpg: night 0.99609
[I 220430 10:58:23 main:201] 2022-04-30_10-58-23.jpg: night 0.99609
[I 220430 10:58:33 main:201] 2022-04-30_10-58-33.jpg: night 0.99609
[I 220430 10:58:43 main:201] 2022-04-30_10-58-43.jpg: night 0.99609
[I 220430 10:58:53 main:201] 2022-04-30_10-58-52.jpg: night 0.99609
[I 220430 10:59:03 main:201] 2022-04-30_10-59-02.jpg: night 0.99609
[I 220430 10:59:13 main:201] 2022-04-30_10-59-12.jpg: night 0.99609
[I 220430 10:59:23 main:201] 2022-04-30_10-59-22.jpg: night 0.99609
[I 220430 10:59:33 main:201] 2022-04-30_10-59-32.jpg: night 0.99609
[I 220430 10:59:42 main:201] 2022-04-30_10-59-42.jpg: night 0.99609
[I 220430 10:59:52 main:201] 2022-04-30_10-59-52.jpg: night 0.99609
[I 220430 11:00:02 main:201] 2022-04-30_11-00-02.jpg: night 0.99609
[I 220430 11:00:12 main:201] 2022-04-30_11-00-12.jpg: night 0.99609
[I 220430 11:00:22 main:201] 2022-04-30_11-00-21.jpg: night 0.99609
[I 220430 11:00:32 main:201] 2022-04-30_11-00-31.jpg: night 0.99609
[I 220430 11:00:42 main:201] 2022-04-30_11-00-41.jpg: night 0.99609
[I 220430 11:00:52 main:201] 2022-04-30_11-00-51.jpg: night 0.99609
[I 220430 11:01:02 main:201] 2022-04-30_11-01-01.jpg: night 0.99609
[I 220430 11:01:12 main:201] 2022-04-30_11-01-11.jpg: night 0.99609
[I 220430 11:01:21 main:201] 2022-04-30_11-01-21.jpg: night 0.99609
[I 220430 11:01:31 main:201] 2022-04-30_11-01-31.jpg: night 0.99609
[I 220430 11:01:41 main:201] 2022-04-30_11-01-41.jpg: night 0.99609
[I 220430 11:01:51 main:201] 2022-04-30_11-01-51.jpg: night 0.99609
[I 220430 11:02:01 main:201] 2022-04-30_11-02-00.jpg: night 0.99609
[I 220430 11:02:11 main:201] 2022-04-30_11-02-10.jpg: night 0.99609
[I 220430 11:02:21 main:201] 2022-04-30_11-02-20.jpg: night 0.99609
[I 220430 11:02:31 main:201] 2022-04-30_11-02-30.jpg: night 0.99609
[I 220430 11:02:41 main:201] 2022-04-30_11-02-40.jpg: night 0.99609
[I 220430 11:02:50 main:201] 2022-04-30_11-02-50.jpg: night 0.99609
[I 220430 11:03:00 main:201] 2022-04-30_11-03-00.jpg: night 0.99609
[I 220430 11:03:10 main:201] 2022-04-30_11-03-10.jpg: night 0.99609
[I 220430 11:03:20 main:201] 2022-04-30_11-03-20.jpg: night 0.99609
[I 220430 11:03:30 main:201] 2022-04-30_11-03-29.jpg: night 0.99609
[I 220430 11:03:40 main:201] 2022-04-30_11-03-39.jpg: night 0.99609
[I 220430 11:03:50 main:201] 2022-04-30_11-03-49.jpg: night 0.99609
[I 220430 11:04:00 main:201] 2022-04-30_11-03-59.jpg: night 0.99609
[I 220430 11:04:10 main:201] 2022-04-30_11-04-09.jpg: night 0.99609
[I 220430 11:04:19 main:201] 2022-04-30_11-04-19.jpg: night 0.99609
[I 220430 11:04:29 main:201] 2022-04-30_11-04-29.jpg: night 0.99609
[I 220430 11:04:39 main:201] 2022-04-30_11-04-39.jpg: night 0.99609
[I 220430 11:04:49 main:201] 2022-04-30_11-04-49.jpg: night 0.99609
[I 220430 11:04:59 main:201] 2022-04-30_11-04-58.jpg: night 0.99609
[I 220430 11:05:09 main:201] 2022-04-30_11-05-08.jpg: night 0.99609
[I 220430 11:05:19 main:201] 2022-04-30_11-05-18.jpg: night 0.99609
[I 220430 11:05:29 main:201] 2022-04-30_11-05-28.jpg: night 0.99609
[I 220430 11:05:39 main:201] 2022-04-30_11-05-38.jpg: night 0.99609
[I 220430 11:05:49 main:201] 2022-04-30_11-05-48.jpg: night 0.99609
[I 220430 11:05:58 main:201] 2022-04-30_11-05-58.jpg: night 0.99609
[I 220430 11:06:08 main:201] 2022-04-30_11-06-08.jpg: night 0.99609
[I 220430 11:06:18 main:201] 2022-04-30_11-06-18.jpg: night 0.99609
[I 220430 11:06:28 main:201] 2022-04-30_11-06-28.jpg: night 0.99609
[I 220430 11:06:38 main:201] 2022-04-30_11-06-37.jpg: night 0.99609
[I 220430 11:06:48 main:201] 2022-04-30_11-06-47.jpg: night 0.99609
[I 220430 11:06:58 main:201] 2022-04-30_11-06-57.jpg: night 0.99609
[I 220430 11:07:08 main:201] 2022-04-30_11-07-07.jpg: night 0.99609
[I 220430 11:07:18 main:201] 2022-04-30_11-07-17.jpg: night 0.99609
[I 220430 11:07:27 main:201] 2022-04-30_11-07-27.jpg: night 0.99609
[I 220430 11:07:37 main:201] 2022-04-30_11-07-37.jpg: night 0.99609
[I 220430 11:07:47 main:201] 2022-04-30_11-07-47.jpg: night 0.99609
[I 220430 11:07:57 main:201] 2022-04-30_11-07-57.jpg: night 0.99609
[I 220430 11:08:07 main:201] 2022-04-30_11-08-06.jpg: night 0.99609
[I 220430 11:08:17 main:201] 2022-04-30_11-08-16.jpg: night 0.99609
[I 220430 11:08:27 main:201] 2022-04-30_11-08-26.jpg: night 0.99609
[I 220430 11:08:37 main:201] 2022-04-30_11-08-36.jpg: night 0.99609
[I 220430 11:08:47 main:201] 2022-04-30_11-08-46.jpg: night 0.99609
[I 220430 11:08:56 main:201] 2022-04-30_11-08-56.jpg: night 0.99609
[I 220430 11:09:06 main:201] 2022-04-30_11-09-06.jpg: night 0.99609
[I 220430 11:09:16 main:201] 2022-04-30_11-09-16.jpg: night 0.99609
[I 220430 11:09:26 main:201] 2022-04-30_11-09-26.jpg: night 0.99609
[I 220430 11:09:36 main:201] 2022-04-30_11-09-35.jpg: night 0.99609
[I 220430 11:09:46 main:201] 2022-04-30_11-09-45.jpg: night 0.99609
[I 220430 11:09:56 main:201] 2022-04-30_11-09-55.jpg: night 0.99609
[I 220430 11:10:06 main:201] 2022-04-30_11-10-05.jpg: night 0.99609
[I 220430 11:10:16 main:201] 2022-04-30_11-10-15.jpg: night 0.99609
[I 220430 11:10:25 main:201] 2022-04-30_11-10-25.jpg: night 0.99609
[I 220430 11:10:35 main:201] 2022-04-30_11-10-35.jpg: night 0.99609
[I 220430 11:10:45 main:201] 2022-04-30_11-10-45.jpg: night 0.99609
[I 220430 11:10:55 main:201] 2022-04-30_11-10-55.jpg: night 0.99609
[I 220430 11:11:05 main:201] 2022-04-30_11-11-04.jpg: night 0.99609
[I 220430 11:11:15 main:201] 2022-04-30_11-11-14.jpg: night 0.99609
[I 220430 11:11:25 main:201] 2022-04-30_11-11-24.jpg: night 0.99609
[I 220430 11:11:35 main:201] 2022-04-30_11-11-34.jpg: night 0.99609
[I 220430 11:11:45 main:201] 2022-04-30_11-11-44.jpg: night 0.99609
[I 220430 11:11:54 main:201] 2022-04-30_11-11-54.jpg: night 0.99609
[I 220430 11:12:04 main:201] 2022-04-30_11-12-04.jpg: night 0.99609
[I 220430 11:12:14 main:201] 2022-04-30_11-12-14.jpg: night 0.99609
[I 220430 11:12:24 main:201] 2022-04-30_11-12-24.jpg: night 0.99609
[I 220430 11:12:34 main:201] 2022-04-30_11-12-33.jpg: night 0.99609
[I 220430 11:12:44 main:201] 2022-04-30_11-12-43.jpg: night 0.99609
[I 220430 11:12:54 main:201] 2022-04-30_11-12-53.jpg: night 0.99609
[I 220430 11:13:04 main:201] 2022-04-30_11-13-03.jpg: night 0.99609
[I 220430 11:13:13 main:201] 2022-04-30_11-13-13.jpg: night 0.99609
[I 220430 11:13:23 main:201] 2022-04-30_11-13-23.jpg: night 0.99609
[I 220430 11:13:33 main:201] 2022-04-30_11-13-33.jpg: night 0.99609
[I 220430 11:13:43 main:201] 2022-04-30_11-13-43.jpg: night 0.99609
[I 220430 11:13:53 main:201] 2022-04-30_11-13-52.jpg: night 0.99609
[I 220430 11:14:03 main:201] 2022-04-30_11-14-02.jpg: night 0.99609
[I 220430 11:14:13 main:201] 2022-04-30_11-14-12.jpg: night 0.99609
[I 220430 11:14:23 main:201] 2022-04-30_11-14-22.jpg: night 0.99609
[I 220430 11:14:33 main:201] 2022-04-30_11-14-32.jpg: night 0.99609
[I 220430 11:14:42 main:201] 2022-04-30_11-14-42.jpg: night 0.99609
[I 220430 11:14:52 main:201] 2022-04-30_11-14-52.jpg: night 0.99609
[I 220430 11:15:02 main:201] 2022-04-30_11-15-02.jpg: night 0.99609
[I 220430 11:15:12 main:201] 2022-04-30_11-15-12.jpg: night 0.99609
[I 220430 11:15:22 main:201] 2022-04-30_11-15-22.jpg: night 0.99609
[I 220430 11:15:32 main:201] 2022-04-30_11-15-31.jpg: night 0.99609
[I 220430 11:15:42 main:201] 2022-04-30_11-15-41.jpg: night 0.99609
[I 220430 11:15:52 main:201] 2022-04-30_11-15-51.jpg: night 0.99609
[I 220430 11:16:02 main:201] 2022-04-30_11-16-01.jpg: night 0.99609
[I 220430 11:16:11 main:201] 2022-04-30_11-16-11.jpg: night 0.99609
[I 220430 11:16:21 main:201] 2022-04-30_11-16-21.jpg: night 0.99609
[I 220430 11:16:31 main:201] 2022-04-30_11-16-31.jpg: night 0.99609
[I 220430 11:16:41 main:201] 2022-04-30_11-16-41.jpg: night 0.99609
[I 220430 11:16:51 main:201] 2022-04-30_11-16-50.jpg: night 0.99609
[I 220430 11:17:01 main:201] 2022-04-30_11-17-00.jpg: night 0.99609
[I 220430 11:17:11 main:201] 2022-04-30_11-17-10.jpg: night 0.99609
[I 220430 11:17:21 main:201] 2022-04-30_11-17-20.jpg: night 0.99609
[I 220430 11:17:31 main:201] 2022-04-30_11-17-30.jpg: night 0.99609
[I 220430 11:17:40 main:201] 2022-04-30_11-17-40.jpg: night 0.99609
[I 220430 11:17:50 main:201] 2022-04-30_11-17-50.jpg: night 0.99609
[I 220430 11:18:00 main:201] 2022-04-30_11-18-00.jpg: night 0.99609
[I 220430 11:18:10 main:201] 2022-04-30_11-18-10.jpg: night 0.99609
[I 220430 11:18:20 main:201] 2022-04-30_11-18-19.jpg: night 0.99609
[I 220430 11:18:30 main:201] 2022-04-30_11-18-29.jpg: night 0.99609
[I 220430 11:18:40 main:201] 2022-04-30_11-18-39.jpg: night 0.99609
[I 220430 11:18:50 main:201] 2022-04-30_11-18-49.jpg: night 0.99609
[I 220430 11:19:00 main:201] 2022-04-30_11-18-59.jpg: night 0.99609
[I 220430 11:19:09 main:201] 2022-04-30_11-19-09.jpg: night 0.99609
[I 220430 11:19:19 main:201] 2022-04-30_11-19-19.jpg: night 0.99609
[I 220430 11:19:29 main:201] 2022-04-30_11-19-29.jpg: night 0.99609
[I 220430 11:19:39 main:201] 2022-04-30_11-19-39.jpg: night 0.99609
[I 220430 11:19:49 main:201] 2022-04-30_11-19-48.jpg: night 0.99609
[I 220430 11:19:59 main:201] 2022-04-30_11-19-58.jpg: night 0.99609
[I 220430 11:20:09 main:201] 2022-04-30_11-20-08.jpg: night 0.99609
[I 220430 11:20:19 main:201] 2022-04-30_11-20-18.jpg: night 0.99609
[I 220430 11:20:29 main:201] 2022-04-30_11-20-28.jpg: night 0.99609
[I 220430 11:20:38 main:201] 2022-04-30_11-20-38.jpg: night 0.99609
[I 220430 11:20:48 main:201] 2022-04-30_11-20-48.jpg: night 0.99609
[I 220430 11:20:58 main:201] 2022-04-30_11-20-58.jpg: night 0.99609
[I 220430 11:21:08 main:201] 2022-04-30_11-21-08.jpg: night 0.99609
[I 220430 11:21:18 main:201] 2022-04-30_11-21-17.jpg: night 0.99609
[I 220430 11:21:28 main:201] 2022-04-30_11-21-27.jpg: night 0.99609
[I 220430 11:21:38 main:201] 2022-04-30_11-21-37.jpg: night 0.99609
[I 220430 11:21:48 main:201] 2022-04-30_11-21-47.jpg: night 0.99609
[I 220430 11:21:58 main:201] 2022-04-30_11-21-57.jpg: night 0.99609
[I 220430 11:22:07 main:201] 2022-04-30_11-22-07.jpg: night 0.99609
[I 220430 11:22:17 main:201] 2022-04-30_11-22-17.jpg: night 0.99609
[I 220430 11:22:27 main:201] 2022-04-30_11-22-27.jpg: night 0.99609
[I 220430 11:22:37 main:201] 2022-04-30_11-22-37.jpg: night 0.99609
[I 220430 11:22:47 main:201] 2022-04-30_11-22-47.jpg: night 0.99609
[I 220430 11:22:57 main:201] 2022-04-30_11-22-56.jpg: night 0.99609
[I 220430 11:23:07 main:201] 2022-04-30_11-23-06.jpg: night 0.99609
[I 220430 11:23:17 main:201] 2022-04-30_11-23-16.jpg: night 0.99609
[I 220430 11:23:27 main:201] 2022-04-30_11-23-26.jpg: night 0.99609
[I 220430 11:23:36 main:201] 2022-04-30_11-23-36.jpg: night 0.99609
[I 220430 11:23:46 main:201] 2022-04-30_11-23-46.jpg: night 0.99609
[I 220430 11:23:56 main:201] 2022-04-30_11-23-56.jpg: night 0.99609
[I 220430 11:24:06 main:201] 2022-04-30_11-24-06.jpg: night 0.99609
[I 220430 11:24:16 main:201] 2022-04-30_11-24-15.jpg: night 0.99609
[I 220430 11:24:26 main:201] 2022-04-30_11-24-25.jpg: night 0.99609
[I 220430 11:24:36 main:201] 2022-04-30_11-24-35.jpg: night 0.99609
[I 220430 11:24:46 main:201] 2022-04-30_11-24-45.jpg: night 0.99609
[I 220430 11:24:55 main:201] 2022-04-30_11-24-55.jpg: night 0.99609
[I 220430 11:25:05 main:201] 2022-04-30_11-25-05.jpg: night 0.99609
[I 220430 11:25:15 main:201] 2022-04-30_11-25-15.jpg: night 0.99609
[I 220430 11:25:25 main:201] 2022-04-30_11-25-25.jpg: night 0.99609
[I 220430 11:25:35 main:201] 2022-04-30_11-25-35.jpg: night 0.99609
[I 220430 11:25:45 main:201] 2022-04-30_11-25-44.jpg: night 0.99609
[I 220430 11:25:55 main:201] 2022-04-30_11-25-54.jpg: night 0.99609
[I 220430 11:26:05 main:201] 2022-04-30_11-26-04.jpg: night 0.99609
[I 220430 11:26:15 main:201] 2022-04-30_11-26-14.jpg: night 0.99609
[I 220430 11:26:24 main:201] 2022-04-30_11-26-24.jpg: night 0.99609
[I 220430 11:26:34 main:201] 2022-04-30_11-26-34.jpg: night 0.99609
[I 220430 11:26:44 main:201] 2022-04-30_11-26-44.jpg: night 0.99609
[I 220430 11:26:54 main:201] 2022-04-30_11-26-54.jpg: night 0.99609
[I 220430 11:27:04 main:201] 2022-04-30_11-27-04.jpg: night 0.99609
[I 220430 11:27:14 main:201] 2022-04-30_11-27-13.jpg: night 0.99609
[I 220430 11:27:24 main:201] 2022-04-30_11-27-23.jpg: night 0.99609
[I 220430 11:27:34 main:201] 2022-04-30_11-27-33.jpg: night 0.99609
[I 220430 11:27:44 main:201] 2022-04-30_11-27-43.jpg: night 0.99609
[I 220430 11:27:54 main:201] 2022-04-30_11-27-53.jpg: night 0.99609
[I 220430 11:28:03 main:201] 2022-04-30_11-28-03.jpg: night 0.99609
[I 220430 11:28:13 main:201] 2022-04-30_11-28-13.jpg: night 0.99609
[I 220430 11:28:23 main:201] 2022-04-30_11-28-23.jpg: night 0.99609
[I 220430 11:28:33 main:201] 2022-04-30_11-28-33.jpg: night 0.98438
[I 220430 11:28:43 main:201] 2022-04-30_11-28-42.jpg: night 0.70312
[I 220430 11:28:53 main:201] 2022-04-30_11-28-52.jpg: twilight 0.99609
[I 220430 11:29:03 main:201] 2022-04-30_11-29-02.jpg: twilight 0.99609
[I 220430 11:29:13 main:201] 2022-04-30_11-29-12.jpg: twilight 0.99609
[I 220430 11:29:23 main:201] 2022-04-30_11-29-22.jpg: twilight 0.99609
[I 220430 11:29:33 main:201] 2022-04-30_11-29-32.jpg: twilight 0.99609
[I 220430 11:29:42 main:201] 2022-04-30_11-29-42.jpg: twilight 0.99609
[I 220430 11:29:52 main:201] 2022-04-30_11-29-52.jpg: twilight 0.99609
[I 220430 11:30:02 main:201] 2022-04-30_11-30-02.jpg: twilight 0.99609
[I 220430 11:30:12 main:201] 2022-04-30_11-30-12.jpg: twilight 0.99609
[I 220430 11:30:22 main:201] 2022-04-30_11-30-21.jpg: twilight 0.87891
[I 220430 11:30:32 main:201] 2022-04-30_11-30-31.jpg: night 0.91406
[I 220430 11:30:42 main:201] 2022-04-30_11-30-41.jpg: night 0.94922
[I 220430 11:30:52 main:201] 2022-04-30_11-30-51.jpg: night 0.96875
[I 220430 11:31:02 main:201] 2022-04-30_11-31-01.jpg: night 0.96484
[I 220430 11:31:11 main:201] 2022-04-30_11-31-11.jpg: night 0.96875
[I 220430 11:31:21 main:201] 2022-04-30_11-31-21.jpg: night 0.97656
[I 220430 11:31:31 main:201] 2022-04-30_11-31-31.jpg: night 0.97266
[I 220430 11:31:41 main:201] 2022-04-30_11-31-41.jpg: night 0.97266
[I 220430 11:31:51 main:201] 2022-04-30_11-31-50.jpg: night 0.98438
[I 220430 11:32:01 main:201] 2022-04-30_11-32-00.jpg: night 0.98828
[I 220430 11:32:11 main:201] 2022-04-30_11-32-10.jpg: night 0.91406
[I 220430 11:32:21 main:201] 2022-04-30_11-32-20.jpg: night 0.86328
[I 220430 11:32:31 main:201] 2022-04-30_11-32-30.jpg: night 0.93750
[I 220430 11:32:40 main:201] 2022-04-30_11-32-40.jpg: night 0.96484
[I 220430 11:32:50 main:201] 2022-04-30_11-32-50.jpg: night 0.83594
[I 220430 11:33:00 main:201] 2022-04-30_11-33-00.jpg: night 0.43359
[I 220430 11:33:10 main:201] 2022-04-30_11-33-10.jpg: sunny 0.91406
[I 220430 11:33:20 main:201] 2022-04-30_11-33-19.jpg: sunny 0.89453
[I 220430 11:33:30 main:201] 2022-04-30_11-33-29.jpg: sunny 0.92578
[I 220430 11:33:40 main:201] 2022-04-30_11-33-39.jpg: sunny 0.99609
[I 220430 11:33:50 main:201] 2022-04-30_11-33-49.jpg: sunny 0.99609
[I 220430 11:34:00 main:201] 2022-04-30_11-33-59.jpg: sunny 0.99609
[I 220430 11:34:09 main:201] 2022-04-30_11-34-09.jpg: sunny 0.98828
[I 220430 11:34:19 main:201] 2022-04-30_11-34-19.jpg: sunny 0.87109
[I 220430 11:34:29 main:201] 2022-04-30_11-34-29.jpg: sunny 0.98828
[I 220430 11:34:39 main:201] 2022-04-30_11-34-39.jpg: sunny 0.97266
[I 220430 11:34:49 main:201] 2022-04-30_11-34-48.jpg: sunny 0.95703
[I 220430 11:34:59 main:201] 2022-04-30_11-34-58.jpg: sunny 0.80469
[I 220430 11:35:09 main:201] 2022-04-30_11-35-08.jpg: sunny 0.94141
[I 220430 11:35:18 main:201] 2022-04-30_11-35-18.jpg: sunny 0.54688
[I 220430 11:35:28 main:201] 2022-04-30_11-35-28.jpg: sunny 0.58203
[I 220430 11:35:38 main:201] 2022-04-30_11-35-38.jpg: sunny 0.98438
[I 220430 11:35:48 main:201] 2022-04-30_11-35-47.jpg: sunny 0.67578
[I 220430 11:35:58 main:201] 2022-04-30_11-35-57.jpg: sunny 0.87500
[I 220430 11:36:08 main:201] 2022-04-30_11-36-07.jpg: rainy 0.61719
[I 220430 11:36:17 main:201] 2022-04-30_11-36-17.jpg: rainy 0.98047
[I 220430 11:36:27 main:201] 2022-04-30_11-36-27.jpg: rainy 0.99609
[I 220430 11:36:37 main:201] 2022-04-30_11-36-37.jpg: rainy 0.72266
[I 220430 11:36:47 main:201] 2022-04-30_11-36-46.jpg: rainy 0.93359
[I 220430 11:36:57 main:201] 2022-04-30_11-36-56.jpg: rainy 0.77344
[I 220430 11:37:06 main:201] 2022-04-30_11-37-06.jpg: rainy 0.97656
[I 220430 11:37:16 main:201] 2022-04-30_11-37-16.jpg: sunny 0.78906
[I 220430 11:37:26 main:201] 2022-04-30_11-37-26.jpg: sunny 0.96094
[I 220430 11:37:36 main:201] 2022-04-30_11-37-35.jpg: sunny 0.98047
[I 220430 11:37:46 main:201] 2022-04-30_11-37-45.jpg: cloudy 0.80859
[I 220430 11:37:56 main:201] 2022-04-30_11-37-55.jpg: sunny 0.95703
[I 220430 11:38:05 main:201] 2022-04-30_11-38-05.jpg: cloudy 0.84766
[I 220430 11:38:15 main:201] 2022-04-30_11-38-15.jpg: sunny 0.75391
[I 220430 11:38:25 main:201] 2022-04-30_11-38-24.jpg: sunny 0.99609
[I 220430 11:38:35 main:201] 2022-04-30_11-38-34.jpg: sunny 0.79297
[I 220430 11:38:45 main:201] 2022-04-30_11-38-44.jpg: sunny 0.89453
[I 220430 11:38:54 main:201] 2022-04-30_11-38-54.jpg: sunny 0.90625
[I 220430 11:39:04 main:201] 2022-04-30_11-39-04.jpg: sunny 0.67188
[I 220430 11:39:14 main:201] 2022-04-30_11-39-14.jpg: sunny 0.94922
[I 220430 11:39:24 main:201] 2022-04-30_11-39-23.jpg: sunny 0.91016
[I 220430 11:39:34 main:201] 2022-04-30_11-39-33.jpg: rainy 0.86719
[I 220430 11:39:43 main:201] 2022-04-30_11-39-43.jpg: rainy 0.97266
[I 220430 11:39:53 main:201] 2022-04-30_11-39-53.jpg: rainy 0.99609
[I 220430 11:40:03 main:201] 2022-04-30_11-40-03.jpg: rainy 0.99609
[I 220430 11:40:13 main:201] 2022-04-30_11-40-12.jpg: rainy 0.99609
[I 220430 11:40:23 main:201] 2022-04-30_11-40-22.jpg: rainy 0.99609
[I 220430 11:40:32 main:201] 2022-04-30_11-40-32.jpg: rainy 0.81250
[I 220430 11:40:42 main:201] 2022-04-30_11-40-42.jpg: rainy 0.98828
[I 220430 11:40:52 main:201] 2022-04-30_11-40-52.jpg: rainy 0.93750
[I 220430 11:41:02 main:201] 2022-04-30_11-41-01.jpg: rainy 0.99609
[I 220430 11:41:12 main:201] 2022-04-30_11-41-11.jpg: rainy 0.99609
[I 220430 11:41:21 main:201] 2022-04-30_11-41-21.jpg: rainy 0.99609
[I 220430 11:41:31 main:201] 2022-04-30_11-41-31.jpg: rainy 0.97266
[I 220430 11:41:41 main:201] 2022-04-30_11-41-41.jpg: rainy 0.99609
[I 220430 11:41:51 main:201] 2022-04-30_11-41-50.jpg: rainy 0.99609
[I 220430 11:42:01 main:201] 2022-04-30_11-42-00.jpg: rainy 0.99609
[I 220430 11:42:11 main:201] 2022-04-30_11-42-10.jpg: rainy 0.99609
[I 220430 11:42:20 main:201] 2022-04-30_11-42-20.jpg: rainy 0.99609
[I 220430 11:42:30 main:201] 2022-04-30_11-42-30.jpg: rainy 0.99609
[I 220430 11:42:40 main:201] 2022-04-30_11-42-39.jpg: rainy 0.99609
[I 220430 11:42:50 main:201] 2022-04-30_11-42-49.jpg: rainy 0.99609
[I 220430 11:43:00 main:201] 2022-04-30_11-42-59.jpg: rainy 0.99609
[I 220430 11:43:09 main:201] 2022-04-30_11-43-09.jpg: rainy 0.99609
[I 220430 11:43:19 main:201] 2022-04-30_11-43-19.jpg: rainy 0.96875
[I 220430 11:43:29 main:201] 2022-04-30_11-43-28.jpg: rainy 0.99609
[I 220430 11:43:39 main:201] 2022-04-30_11-43-38.jpg: rainy 0.99609
[I 220430 11:43:49 main:201] 2022-04-30_11-43-48.jpg: rainy 0.99609
[I 220430 11:43:58 main:201] 2022-04-30_11-43-58.jpg: rainy 0.99609
[I 220430 11:44:08 main:201] 2022-04-30_11-44-08.jpg: cloudy 0.97266
[I 220430 11:44:18 main:201] 2022-04-30_11-44-17.jpg: cloudy 0.99609
[I 220430 11:44:28 main:201] 2022-04-30_11-44-27.jpg: cloudy 0.98828
[I 220430 11:44:38 main:201] 2022-04-30_11-44-37.jpg: sunny 0.95703
[I 220430 11:44:47 main:201] 2022-04-30_11-44-47.jpg: cloudy 0.56250
[I 220430 11:44:57 main:201] 2022-04-30_11-44-57.jpg: sunny 0.99609
[I 220430 11:45:07 main:201] 2022-04-30_11-45-07.jpg: cloudy 0.99219
[I 220430 11:45:17 main:201] 2022-04-30_11-45-16.jpg: cloudy 0.69531
[I 220430 11:45:27 main:201] 2022-04-30_11-45-26.jpg: rainy 0.97656
[I 220430 11:45:36 main:201] 2022-04-30_11-45-36.jpg: rainy 0.99609
[I 220430 11:45:46 main:201] 2022-04-30_11-45-46.jpg: rainy 0.99219
[I 220430 11:45:56 main:201] 2022-04-30_11-45-55.jpg: cloudy 0.93750
[I 220430 11:46:06 main:201] 2022-04-30_11-46-05.jpg: cloudy 0.93359
[I 220430 11:46:16 main:201] 2022-04-30_11-46-15.jpg: sunny 0.99609
[I 220430 11:46:25 main:201] 2022-04-30_11-46-25.jpg: sunny 0.79688
[I 220430 11:46:35 main:201] 2022-04-30_11-46-35.jpg: sunny 0.99609
[I 220430 11:46:45 main:201] 2022-04-30_11-46-44.jpg: sunny 0.99609
[I 220430 11:46:55 main:201] 2022-04-30_11-46-54.jpg: sunny 0.99609
[I 220430 11:47:05 main:201] 2022-04-30_11-47-04.jpg: sunny 0.99609
[I 220430 11:47:14 main:201] 2022-04-30_11-47-14.jpg: sunny 0.99609
[I 220430 11:47:24 main:201] 2022-04-30_11-47-24.jpg: sunny 0.99609
[I 220430 11:47:34 main:201] 2022-04-30_11-47-34.jpg: sunny 0.99609
[I 220430 11:47:44 main:201] 2022-04-30_11-47-43.jpg: sunny 0.99609
[I 220430 11:47:54 main:201] 2022-04-30_11-47-53.jpg: sunny 0.99609
[I 220430 11:48:04 main:201] 2022-04-30_11-48-03.jpg: sunny 0.99609
[I 220430 11:48:13 main:201] 2022-04-30_11-48-13.jpg: sunny 0.99609
[I 220430 11:48:23 main:201] 2022-04-30_11-48-23.jpg: sunny 0.99609
[I 220430 11:48:33 main:201] 2022-04-30_11-48-33.jpg: sunny 0.99609
[I 220430 11:48:43 main:201] 2022-04-30_11-48-42.jpg: sunny 0.99609
[I 220430 11:48:53 main:201] 2022-04-30_11-48-52.jpg: sunny 0.99609
[I 220430 11:49:02 main:201] 2022-04-30_11-49-02.jpg: sunny 0.99609
[I 220430 11:49:12 main:201] 2022-04-30_11-49-12.jpg: sunny 0.99609
[I 220430 11:49:22 main:201] 2022-04-30_11-49-22.jpg: sunny 0.99609
[I 220430 11:49:32 main:201] 2022-04-30_11-49-31.jpg: sunny 0.99609
[I 220430 11:49:42 main:201] 2022-04-30_11-49-41.jpg: sunny 0.99609
[I 220430 11:49:51 main:201] 2022-04-30_11-49-51.jpg: sunny 0.99609
[I 220430 11:50:01 main:201] 2022-04-30_11-50-01.jpg: sunny 0.99609
[I 220430 11:50:11 main:201] 2022-04-30_11-50-11.jpg: cloudy 0.70312
[I 220430 11:50:21 main:201] 2022-04-30_11-50-21.jpg: cloudy 0.99609
[I 220430 11:50:31 main:201] 2022-04-30_11-50-30.jpg: cloudy 0.97656
[I 220430 11:50:41 main:201] 2022-04-30_11-50-40.jpg: rainy 0.91016
[I 220430 11:50:50 main:201] 2022-04-30_11-50-50.jpg: rainy 0.99609
[I 220430 11:51:00 main:201] 2022-04-30_11-51-00.jpg: rainy 0.99609
[I 220430 11:51:10 main:201] 2022-04-30_11-51-10.jpg: rainy 0.99609
[I 220430 11:51:20 main:201] 2022-04-30_11-51-19.jpg: rainy 0.99219
[I 220430 11:51:30 main:201] 2022-04-30_11-51-29.jpg: rainy 0.99609
[I 220430 11:51:39 main:201] 2022-04-30_11-51-39.jpg: rainy 0.99219
[I 220430 11:51:49 main:201] 2022-04-30_11-51-49.jpg: rainy 0.94922
[I 220430 11:51:59 main:201] 2022-04-30_11-51-59.jpg: rainy 0.99609
[I 220430 11:52:09 main:201] 2022-04-30_11-52-08.jpg: cloudy 0.78516
[I 220430 11:52:19 main:201] 2022-04-30_11-52-18.jpg: sunny 0.66797
[I 220430 11:52:28 main:201] 2022-04-30_11-52-28.jpg: sunny 0.85156
[I 220430 11:52:38 main:201] 2022-04-30_11-52-38.jpg: sunny 0.96484
[I 220430 11:52:48 main:201] 2022-04-30_11-52-47.jpg: sunny 0.99609
[I 220430 11:52:58 main:201] 2022-04-30_11-52-57.jpg: sunny 0.99609
[I 220430 11:53:08 main:201] 2022-04-30_11-53-07.jpg: sunny 0.98438
[I 220430 11:53:17 main:201] 2022-04-30_11-53-17.jpg: sunny 0.99609
[I 220430 11:53:27 main:201] 2022-04-30_11-53-27.jpg: sunny 0.99609
[I 220430 11:53:37 main:201] 2022-04-30_11-53-37.jpg: sunny 0.99609
[I 220430 11:53:47 main:201] 2022-04-30_11-53-46.jpg: sunny 0.99609
[I 220430 11:53:57 main:201] 2022-04-30_11-53-56.jpg: sunny 0.99609
[I 220430 11:54:06 main:201] 2022-04-30_11-54-06.jpg: sunny 0.99609
[I 220430 11:54:16 main:201] 2022-04-30_11-54-16.jpg: sunny 0.99609
[I 220430 11:54:26 main:201] 2022-04-30_11-54-26.jpg: sunny 0.99609
[I 220430 11:54:36 main:201] 2022-04-30_11-54-35.jpg: sunny 0.99609
[I 220430 11:54:46 main:201] 2022-04-30_11-54-45.jpg: sunny 0.99609
[I 220430 11:54:56 main:201] 2022-04-30_11-54-55.jpg: sunny 0.99609
[I 220430 11:55:05 main:201] 2022-04-30_11-55-05.jpg: sunny 0.99609
[I 220430 11:55:15 main:201] 2022-04-30_11-55-15.jpg: sunny 0.99609
[I 220430 11:55:25 main:201] 2022-04-30_11-55-25.jpg: sunny 0.99609
[I 220430 11:55:35 main:201] 2022-04-30_11-55-34.jpg: sunny 0.99609
[I 220430 11:55:45 main:201] 2022-04-30_11-55-44.jpg: sunny 0.99609
[I 220430 11:55:54 main:201] 2022-04-30_11-55-54.jpg: sunny 0.99609
[I 220430 11:56:04 main:201] 2022-04-30_11-56-04.jpg: cloudy 0.58984
[I 220430 11:56:14 main:201] 2022-04-30_11-56-14.jpg: cloudy 0.94922
[I 220430 11:56:24 main:201] 2022-04-30_11-56-23.jpg: sunny 0.99609
[I 220430 11:56:34 main:201] 2022-04-30_11-56-33.jpg: sunny 0.99609
[I 220430 11:56:43 main:201] 2022-04-30_11-56-43.jpg: sunny 0.94922
[I 220430 11:56:53 main:201] 2022-04-30_11-56-53.jpg: cloudy 0.95312
[I 220430 11:57:03 main:201] 2022-04-30_11-57-03.jpg: sunny 0.44922
[I 220430 11:57:13 main:201] 2022-04-30_11-57-12.jpg: rainy 0.94922
[I 220430 11:57:23 main:201] 2022-04-30_11-57-22.jpg: sunny 0.99609
[I 220430 11:57:32 main:201] 2022-04-30_11-57-32.jpg: sunny 0.74219
[I 220430 11:57:42 main:201] 2022-04-30_11-57-42.jpg: rainy 0.62500
[I 220430 11:57:52 main:201] 2022-04-30_11-57-52.jpg: rainy 0.96094
[I 220430 11:58:02 main:201] 2022-04-30_11-58-01.jpg: rainy 0.99609
[I 220430 11:58:12 main:201] 2022-04-30_11-58-11.jpg: cloudy 0.64844
[I 220430 11:58:21 main:201] 2022-04-30_11-58-21.jpg: cloudy 0.99609
[I 220430 11:58:31 main:201] 2022-04-30_11-58-31.jpg: cloudy 0.99609
[I 220430 11:58:41 main:201] 2022-04-30_11-58-41.jpg: cloudy 0.99609
[I 220430 11:58:51 main:201] 2022-04-30_11-58-50.jpg: cloudy 0.97656
[I 220430 11:59:01 main:201] 2022-04-30_11-59-00.jpg: cloudy 0.99219
[I 220430 11:59:10 main:201] 2022-04-30_11-59-10.jpg: sunny 0.99609
[I 220430 11:59:20 main:201] 2022-04-30_11-59-20.jpg: sunny 0.99609
[I 220430 11:59:30 main:201] 2022-04-30_11-59-30.jpg: sunny 0.99609
[I 220430 11:59:40 main:201] 2022-04-30_11-59-39.jpg: sunny 0.99609
[I 220430 11:59:50 main:201] 2022-04-30_11-59-49.jpg: sunny 0.99609
[I 220430 11:59:59 main:201] 2022-04-30_11-59-59.jpg: sunny 0.99609
[I 220430 12:00:09 main:201] 2022-04-30_12-00-09.jpg: sunny 0.99609
[I 220430 12:00:19 main:201] 2022-04-30_12-00-19.jpg: sunny 0.99609
[I 220430 12:00:29 main:201] 2022-04-30_12-00-28.jpg: sunny 0.92969
[I 220430 12:00:39 main:201] 2022-04-30_12-00-38.jpg: sunny 0.58984
[I 220430 12:00:49 main:201] 2022-04-30_12-00-48.jpg: cloudy 0.99609
[I 220430 12:00:58 main:201] 2022-04-30_12-00-58.jpg: cloudy 0.94922
[I 220430 12:01:08 main:201] 2022-04-30_12-01-08.jpg: cloudy 0.62109
[I 220430 12:01:18 main:201] 2022-04-30_12-01-17.jpg: rainy 0.97266
[I 220430 12:01:28 main:201] 2022-04-30_12-01-27.jpg: rainy 0.97266
[I 220430 12:01:37 main:201] 2022-04-30_12-01-37.jpg: rainy 0.96484
[I 220430 12:01:47 main:201] 2022-04-30_12-01-47.jpg: cloudy 0.95312
[I 220430 12:01:57 main:201] 2022-04-30_12-01-57.jpg: cloudy 0.99609
[I 220430 12:02:07 main:201] 2022-04-30_12-02-06.jpg: cloudy 0.97656
[I 220430 12:02:17 main:201] 2022-04-30_12-02-16.jpg: sunny 0.64844
[I 220430 12:02:26 main:201] 2022-04-30_12-02-26.jpg: sunny 0.97266
[I 220430 12:02:36 main:201] 2022-04-30_12-02-36.jpg: sunny 0.97266
[I 220430 12:02:46 main:201] 2022-04-30_12-02-46.jpg: sunny 0.84766
[I 220430 12:02:56 main:201] 2022-04-30_12-02-55.jpg: sunny 0.99609
[I 220430 12:03:06 main:201] 2022-04-30_12-03-05.jpg: sunny 0.58984
[I 220430 12:03:15 main:201] 2022-04-30_12-03-15.jpg: cloudy 0.72656
[I 220430 12:03:25 main:201] 2022-04-30_12-03-25.jpg: sunny 0.99609
[I 220430 12:03:35 main:201] 2022-04-30_12-03-35.jpg: sunny 0.99609
[I 220430 12:03:45 main:201] 2022-04-30_12-03-44.jpg: sunny 0.99609
[I 220430 12:03:55 main:201] 2022-04-30_12-03-54.jpg: sunny 0.99609
[I 220430 12:04:05 main:201] 2022-04-30_12-04-04.jpg: sunny 0.99609
[I 220430 12:04:14 main:201] 2022-04-30_12-04-14.jpg: sunny 0.99609
[I 220430 12:04:24 main:201] 2022-04-30_12-04-24.jpg: sunny 0.99609
[I 220430 12:04:34 main:201] 2022-04-30_12-04-33.jpg: sunny 0.99609
[I 220430 12:04:44 main:201] 2022-04-30_12-04-43.jpg: sunny 0.99609
[I 220430 12:04:54 main:201] 2022-04-30_12-04-53.jpg: sunny 0.99609
[I 220430 12:05:03 main:201] 2022-04-30_12-05-03.jpg: sunny 0.99609
[I 220430 12:05:13 main:201] 2022-04-30_12-05-13.jpg: sunny 0.99609
[I 220430 12:05:23 main:201] 2022-04-30_12-05-23.jpg: sunny 0.99609
[I 220430 12:05:33 main:201] 2022-04-30_12-05-32.jpg: sunny 0.99609
[I 220430 12:05:43 main:201] 2022-04-30_12-05-42.jpg: sunny 0.99609
[I 220430 12:05:52 main:201] 2022-04-30_12-05-52.jpg: sunny 0.99609
[I 220430 12:06:02 main:201] 2022-04-30_12-06-02.jpg: sunny 0.99609
[I 220430 12:06:12 main:201] 2022-04-30_12-06-12.jpg: sunny 0.99609
[I 220430 12:06:22 main:201] 2022-04-30_12-06-21.jpg: sunny 0.99609
[I 220430 12:06:32 main:201] 2022-04-30_12-06-31.jpg: sunny 0.99609
[I 220430 12:06:41 main:201] 2022-04-30_12-06-41.jpg: sunny 0.99609
[I 220430 12:06:51 main:201] 2022-04-30_12-06-51.jpg: sunny 0.99609
[I 220430 12:07:01 main:201] 2022-04-30_12-07-01.jpg: sunny 0.99609
[I 220430 12:07:11 main:201] 2022-04-30_12-07-10.jpg: sunny 0.99609
[I 220430 12:07:21 main:201] 2022-04-30_12-07-20.jpg: sunny 0.99609
[I 220430 12:07:30 main:201] 2022-04-30_12-07-30.jpg: sunny 0.99609
[I 220430 12:07:40 main:201] 2022-04-30_12-07-40.jpg: sunny 0.99609
[I 220430 12:07:50 main:201] 2022-04-30_12-07-50.jpg: sunny 0.99609
[I 220430 12:08:00 main:201] 2022-04-30_12-07-59.jpg: sunny 0.99609
[I 220430 12:08:10 main:201] 2022-04-30_12-08-09.jpg: sunny 0.99609
[I 220430 12:08:20 main:201] 2022-04-30_12-08-19.jpg: sunny 0.99609
[I 220430 12:08:29 main:201] 2022-04-30_12-08-29.jpg: sunny 0.99609
[I 220430 12:08:39 main:201] 2022-04-30_12-08-39.jpg: sunny 0.99609
[I 220430 12:08:49 main:201] 2022-04-30_12-08-48.jpg: sunny 0.99609
[I 220430 12:08:59 main:201] 2022-04-30_12-08-58.jpg: sunny 0.99609
[I 220430 12:09:09 main:201] 2022-04-30_12-09-08.jpg: sunny 0.99609
[I 220430 12:09:18 main:201] 2022-04-30_12-09-18.jpg: sunny 0.99609
[I 220430 12:09:28 main:201] 2022-04-30_12-09-28.jpg: sunny 0.99609
[I 220430 12:09:38 main:201] 2022-04-30_12-09-38.jpg: sunny 0.99609
[I 220430 12:09:48 main:201] 2022-04-30_12-09-47.jpg: sunny 0.99609
[I 220430 12:09:58 main:201] 2022-04-30_12-09-57.jpg: sunny 0.99609
[I 220430 12:10:07 main:201] 2022-04-30_12-10-07.jpg: sunny 0.99609
[I 220430 12:10:17 main:201] 2022-04-30_12-10-17.jpg: sunny 0.99609
[I 220430 12:10:27 main:201] 2022-04-30_12-10-27.jpg: sunny 0.99609
[I 220430 12:10:37 main:201] 2022-04-30_12-10-36.jpg: sunny 0.99609
[I 220430 12:10:47 main:201] 2022-04-30_12-10-46.jpg: sunny 0.99609
[I 220430 12:10:56 main:201] 2022-04-30_12-10-56.jpg: sunny 0.99609
[I 220430 12:11:06 main:201] 2022-04-30_12-11-06.jpg: sunny 0.99609
[I 220430 12:11:16 main:201] 2022-04-30_12-11-16.jpg: sunny 0.99609
[I 220430 12:11:26 main:201] 2022-04-30_12-11-25.jpg: sunny 0.91406
[I 220430 12:11:36 main:201] 2022-04-30_12-11-35.jpg: cloudy 0.99609
[I 220430 12:11:46 main:201] 2022-04-30_12-11-45.jpg: cloudy 0.99609
[I 220430 12:11:55 main:201] 2022-04-30_12-11-55.jpg: cloudy 0.99609
[I 220430 12:12:05 main:201] 2022-04-30_12-12-05.jpg: cloudy 0.89062
[I 220430 12:12:15 main:201] 2022-04-30_12-12-15.jpg: cloudy 0.62109
[I 220430 12:12:25 main:201] 2022-04-30_12-12-24.jpg: cloudy 0.99609
[I 220430 12:12:35 main:201] 2022-04-30_12-12-34.jpg: cloudy 0.99609
[I 220430 12:12:44 main:201] 2022-04-30_12-12-44.jpg: cloudy 0.79688
[I 220430 12:12:54 main:201] 2022-04-30_12-12-54.jpg: rainy 0.96484
[I 220430 12:13:04 main:201] 2022-04-30_12-13-04.jpg: rainy 0.85547
[I 220430 12:13:14 main:201] 2022-04-30_12-13-13.jpg: rainy 0.99609
[I 220430 12:13:24 main:201] 2022-04-30_12-13-23.jpg: rainy 0.51172
[I 220430 12:13:33 main:201] 2022-04-30_12-13-33.jpg: rainy 0.98047
[I 220430 12:13:43 main:201] 2022-04-30_12-13-43.jpg: cloudy 0.90234
[I 220430 12:13:53 main:201] 2022-04-30_12-13-53.jpg: cloudy 0.96484
[I 220430 12:14:03 main:201] 2022-04-30_12-14-02.jpg: rainy 0.95312
[I 220430 12:14:13 main:201] 2022-04-30_12-14-12.jpg: rainy 0.99609
[I 220430 12:14:22 main:201] 2022-04-30_12-14-22.jpg: rainy 0.99609
[I 220430 12:14:32 main:201] 2022-04-30_12-14-32.jpg: rainy 0.99609
[I 220430 12:14:42 main:201] 2022-04-30_12-14-42.jpg: rainy 0.97266
[I 220430 12:14:52 main:201] 2022-04-30_12-14-51.jpg: rainy 0.97266
[I 220430 12:15:02 main:201] 2022-04-30_12-15-01.jpg: cloudy 0.64844
[I 220430 12:15:11 main:201] 2022-04-30_12-15-11.jpg: cloudy 0.99609
[I 220430 12:15:21 main:201] 2022-04-30_12-15-21.jpg: cloudy 0.99609
[I 220430 12:15:31 main:201] 2022-04-30_12-15-31.jpg: cloudy 0.99609
[I 220430 12:15:41 main:201] 2022-04-30_12-15-40.jpg: cloudy 0.99609
[I 220430 12:15:51 main:201] 2022-04-30_12-15-50.jpg: cloudy 0.96094
[I 220430 12:16:01 main:201] 2022-04-30_12-16-00.jpg: cloudy 0.85547
[I 220430 12:16:10 main:201] 2022-04-30_12-16-10.jpg: sunny 0.52734
[I 220430 12:16:20 main:201] 2022-04-30_12-16-20.jpg: sunny 0.94531
[I 220430 12:16:30 main:201] 2022-04-30_12-16-30.jpg: cloudy 0.97266
[I 220430 12:16:40 main:201] 2022-04-30_12-16-39.jpg: cloudy 0.67578
[I 220430 12:16:50 main:201] 2022-04-30_12-16-49.jpg: cloudy 0.99609
[I 220430 12:16:59 main:201] 2022-04-30_12-16-59.jpg: cloudy 0.97266
[I 220430 12:17:09 main:201] 2022-04-30_12-17-09.jpg: cloudy 0.55078
[I 220430 12:17:19 main:201] 2022-04-30_12-17-19.jpg: sunny 0.89453
[I 220430 12:17:29 main:201] 2022-04-30_12-17-28.jpg: cloudy 0.67188
[I 220430 12:17:39 main:201] 2022-04-30_12-17-38.jpg: sunny 0.91406
[I 220430 12:17:49 main:201] 2022-04-30_12-17-48.jpg: sunny 0.92578
[I 220430 12:17:58 main:201] 2022-04-30_12-17-58.jpg: sunny 0.72266
[I 220430 12:18:08 main:201] 2022-04-30_12-18-08.jpg: sunny 0.94141
[I 220430 12:18:18 main:201] 2022-04-30_12-18-18.jpg: rainy 0.96094
[I 220430 12:18:28 main:201] 2022-04-30_12-18-27.jpg: rainy 0.64062
[I 220430 12:18:38 main:201] 2022-04-30_12-18-37.jpg: sunny 0.98828
[I 220430 12:18:48 main:201] 2022-04-30_12-18-47.jpg: sunny 0.48828
[I 220430 12:18:57 main:201] 2022-04-30_12-18-57.jpg: sunny 0.81250
[I 220430 12:19:07 main:201] 2022-04-30_12-19-07.jpg: sunny 0.98438
[I 220430 12:19:17 main:201] 2022-04-30_12-19-17.jpg: sunny 0.96875
[I 220430 12:19:27 main:201] 2022-04-30_12-19-26.jpg: sunny 0.80469
[I 220430 12:19:37 main:201] 2022-04-30_12-19-36.jpg: sunny 0.99609
[I 220430 12:19:47 main:201] 2022-04-30_12-19-46.jpg: sunny 0.69922
[I 220430 12:19:56 main:201] 2022-04-30_12-19-56.jpg: sunny 0.98047
[I 220430 12:20:06 main:201] 2022-04-30_12-20-06.jpg: sunny 0.76953
[I 220430 12:20:16 main:201] 2022-04-30_12-20-16.jpg: sunny 0.99609
[I 220430 12:20:26 main:201] 2022-04-30_12-20-25.jpg: sunny 0.91406
[I 220430 12:20:36 main:201] 2022-04-30_12-20-35.jpg: sunny 0.99609
[I 220430 12:20:46 main:201] 2022-04-30_12-20-45.jpg: cloudy 0.99219
[I 220430 12:20:56 main:201] 2022-04-30_12-20-55.jpg: cloudy 0.99219
[I 220430 12:21:06 main:201] 2022-04-30_12-21-05.jpg: twilight 0.49219
[I 220430 12:21:15 main:201] 2022-04-30_12-21-15.jpg: cloudy 0.64844
[I 220430 12:21:25 main:201] 2022-04-30_12-21-25.jpg: twilight 0.92969
[I 220430 12:21:35 main:201] 2022-04-30_12-21-35.jpg: twilight 0.99609
[I 220430 12:21:45 main:201] 2022-04-30_12-21-45.jpg: twilight 0.99609
[I 220430 12:21:55 main:201] 2022-04-30_12-21-55.jpg: twilight 0.99219
[I 220430 12:22:05 main:201] 2022-04-30_12-22-04.jpg: twilight 0.98438
[I 220430 12:22:15 main:201] 2022-04-30_12-22-14.jpg: twilight 0.98047
[I 220430 12:22:25 main:201] 2022-04-30_12-22-24.jpg: twilight 0.98438
[I 220430 12:22:35 main:201] 2022-04-30_12-22-34.jpg: twilight 0.98438
[I 220430 12:22:45 main:201] 2022-04-30_12-22-44.jpg: twilight 0.96875
[I 220430 12:22:54 main:201] 2022-04-30_12-22-54.jpg: twilight 0.97656
[I 220430 12:23:04 main:201] 2022-04-30_12-23-04.jpg: twilight 0.97266
[I 220430 12:23:14 main:201] 2022-04-30_12-23-14.jpg: twilight 0.96484
[I 220430 12:23:24 main:201] 2022-04-30_12-23-24.jpg: twilight 0.98047
[I 220430 12:23:34 main:201] 2022-04-30_12-23-33.jpg: twilight 0.97266
[I 220430 12:23:44 main:201] 2022-04-30_12-23-43.jpg: twilight 0.95703
[I 220430 12:23:54 main:201] 2022-04-30_12-23-53.jpg: twilight 0.96094
[I 220430 12:24:04 main:201] 2022-04-30_12-24-03.jpg: twilight 0.80859
[I 220430 12:24:14 main:201] 2022-04-30_12-24-13.jpg: night 0.92188
[I 220430 12:24:24 main:201] 2022-04-30_12-24-23.jpg: night 0.92188
[I 220430 12:24:33 main:201] 2022-04-30_12-24-33.jpg: twilight 0.96875
[I 220430 12:24:43 main:201] 2022-04-30_12-24-43.jpg: twilight 0.97266
[I 220430 12:24:53 main:201] 2022-04-30_12-24-53.jpg: twilight 0.94922
[I 220430 12:25:03 main:201] 2022-04-30_12-25-03.jpg: twilight 0.96484
[I 220430 12:25:13 main:201] 2022-04-30_12-25-12.jpg: twilight 0.95312
[I 220430 12:25:23 main:201] 2022-04-30_12-25-22.jpg: twilight 0.96875
[I 220430 12:25:33 main:201] 2022-04-30_12-25-32.jpg: twilight 0.96094
[I 220430 12:25:43 main:201] 2022-04-30_12-25-42.jpg: twilight 0.92578
[I 220430 12:25:53 main:201] 2022-04-30_12-25-52.jpg: night 0.97656
[I 220430 12:26:03 main:201] 2022-04-30_12-26-02.jpg: night 0.99609
[I 220430 12:26:12 main:201] 2022-04-30_12-26-12.jpg: night 0.99609
[I 220430 12:26:22 main:201] 2022-04-30_12-26-22.jpg: night 0.99609
[I 220430 12:26:32 main:201] 2022-04-30_12-26-32.jpg: night 0.99609
[I 220430 12:26:42 main:201] 2022-04-30_12-26-42.jpg: night 0.99609
[I 220430 12:26:52 main:201] 2022-04-30_12-26-51.jpg: night 0.99609
[I 220430 12:27:02 main:201] 2022-04-30_12-27-01.jpg: night 0.99609
[I 220430 12:27:12 main:201] 2022-04-30_12-27-11.jpg: night 0.99609
[I 220430 12:27:22 main:201] 2022-04-30_12-27-21.jpg: night 0.99609
[I 220430 12:27:32 main:201] 2022-04-30_12-27-31.jpg: night 0.99609
[I 220430 12:27:41 main:201] 2022-04-30_12-27-41.jpg: night 0.99609
[I 220430 12:27:51 main:201] 2022-04-30_12-27-51.jpg: night 0.99609
[I 220430 12:28:01 main:201] 2022-04-30_12-28-01.jpg: night 0.99609
[I 220430 12:28:11 main:201] 2022-04-30_12-28-11.jpg: night 0.99609
[I 220430 12:28:21 main:201] 2022-04-30_12-28-20.jpg: night 0.99609
[I 220430 12:28:31 main:201] 2022-04-30_12-28-30.jpg: night 0.99609
[I 220430 12:28:41 main:201] 2022-04-30_12-28-40.jpg: night 0.99609
[I 220430 12:28:51 main:201] 2022-04-30_12-28-50.jpg: night 0.99609
[I 220430 12:29:01 main:201] 2022-04-30_12-29-00.jpg: night 0.99609
[I 220430 12:29:10 main:201] 2022-04-30_12-29-10.jpg: night 0.99609
[I 220430 12:29:20 main:201] 2022-04-30_12-29-20.jpg: night 0.99609
[I 220430 12:29:30 main:201] 2022-04-30_12-29-30.jpg: night 0.99609
[I 220430 12:29:40 main:201] 2022-04-30_12-29-40.jpg: night 0.99609
[I 220430 12:29:50 main:201] 2022-04-30_12-29-50.jpg: night 0.99609
[I 220430 12:30:00 main:201] 2022-04-30_12-29-59.jpg: night 0.99609
[I 220430 12:30:10 main:201] 2022-04-30_12-30-09.jpg: night 0.99609
[I 220430 12:30:20 main:201] 2022-04-30_12-30-19.jpg: night 0.99609
[I 220430 12:30:30 main:201] 2022-04-30_12-30-29.jpg: night 0.99609
[I 220430 12:30:40 main:201] 2022-04-30_12-30-39.jpg: night 0.99609
[I 220430 12:30:50 main:201] 2022-04-30_12-30-49.jpg: night 0.99609
[I 220430 12:30:59 main:201] 2022-04-30_12-30-59.jpg: night 0.99609
[I 220430 12:31:09 main:201] 2022-04-30_12-31-09.jpg: night 0.99609
[I 220430 12:31:19 main:201] 2022-04-30_12-31-19.jpg: night 0.99609
[I 220430 12:31:29 main:201] 2022-04-30_12-31-29.jpg: night 0.99609
[I 220430 12:31:39 main:201] 2022-04-30_12-31-38.jpg: night 0.99609
[I 220430 12:31:49 main:201] 2022-04-30_12-31-48.jpg: night 0.99609
[I 220430 12:31:59 main:201] 2022-04-30_12-31-58.jpg: night 0.99609
[I 220430 12:32:09 main:201] 2022-04-30_12-32-08.jpg: night 0.99609
[I 220430 12:32:19 main:201] 2022-04-30_12-32-18.jpg: night 0.99609
[I 220430 12:32:28 main:201] 2022-04-30_12-32-28.jpg: night 0.99609
[I 220430 12:32:38 main:201] 2022-04-30_12-32-38.jpg: night 0.99609
[I 220430 12:32:48 main:201] 2022-04-30_12-32-48.jpg: night 0.99609
[I 220430 12:32:58 main:201] 2022-04-30_12-32-58.jpg: night 0.99609
[I 220430 12:33:08 main:201] 2022-04-30_12-33-08.jpg: night 0.99609
[I 220430 12:33:18 main:201] 2022-04-30_12-33-17.jpg: night 0.99609
[I 220430 12:33:28 main:201] 2022-04-30_12-33-27.jpg: night 0.99609
[I 220430 12:33:38 main:201] 2022-04-30_12-33-37.jpg: night 0.99609
[I 220430 12:33:48 main:201] 2022-04-30_12-33-47.jpg: night 0.99609
[I 220430 12:33:57 main:201] 2022-04-30_12-33-57.jpg: night 0.99609
[I 220430 12:34:07 main:201] 2022-04-30_12-34-07.jpg: night 0.99609
[I 220430 12:34:17 main:201] 2022-04-30_12-34-17.jpg: night 0.99609
[I 220430 12:34:27 main:201] 2022-04-30_12-34-27.jpg: night 0.99609
[I 220430 12:34:37 main:201] 2022-04-30_12-34-37.jpg: night 0.99609
[I 220430 12:34:47 main:201] 2022-04-30_12-34-46.jpg: night 0.99609
[I 220430 12:34:57 main:201] 2022-04-30_12-34-56.jpg: night 0.99609
[I 220430 12:35:07 main:201] 2022-04-30_12-35-06.jpg: night 0.99609
[I 220430 12:35:17 main:201] 2022-04-30_12-35-16.jpg: night 0.99609
[I 220430 12:35:27 main:201] 2022-04-30_12-35-26.jpg: night 0.99609
[I 220430 12:35:36 main:201] 2022-04-30_12-35-36.jpg: night 0.99609
[I 220430 12:35:46 main:201] 2022-04-30_12-35-46.jpg: night 0.99609
[I 220430 12:35:56 main:201] 2022-04-30_12-35-56.jpg: night 0.99609
[I 220430 12:36:06 main:201] 2022-04-30_12-36-06.jpg: night 0.99609
[I 220430 12:36:16 main:201] 2022-04-30_12-36-16.jpg: night 0.99609
[I 220430 12:36:26 main:201] 2022-04-30_12-36-25.jpg: night 0.99609
[I 220430 12:36:36 main:201] 2022-04-30_12-36-35.jpg: night 0.99609
[I 220430 12:36:46 main:201] 2022-04-30_12-36-45.jpg: night 0.99609
[I 220430 12:36:56 main:201] 2022-04-30_12-36-55.jpg: night 0.99609
[I 220430 12:37:06 main:201] 2022-04-30_12-37-05.jpg: night 0.99609
[I 220430 12:37:15 main:201] 2022-04-30_12-37-15.jpg: night 0.99609
[I 220430 12:37:25 main:201] 2022-04-30_12-37-25.jpg: night 0.99609
[I 220430 12:37:35 main:201] 2022-04-30_12-37-35.jpg: night 0.99609
[I 220430 12:37:45 main:201] 2022-04-30_12-37-45.jpg: night 0.99609
[I 220430 12:37:55 main:201] 2022-04-30_12-37-54.jpg: night 0.99609
[I 220430 12:38:05 main:201] 2022-04-30_12-38-04.jpg: night 0.99609
[I 220430 12:38:15 main:201] 2022-04-30_12-38-14.jpg: night 0.99609
[I 220430 12:38:25 main:201] 2022-04-30_12-38-24.jpg: night 0.99609
[I 220430 12:38:35 main:201] 2022-04-30_12-38-34.jpg: night 0.99609
[I 220430 12:38:44 main:201] 2022-04-30_12-38-44.jpg: night 0.99609
[I 220430 12:38:54 main:201] 2022-04-30_12-38-54.jpg: night 0.99609
[I 220430 12:39:04 main:201] 2022-04-30_12-39-04.jpg: night 0.99609
[I 220430 12:39:14 main:201] 2022-04-30_12-39-14.jpg: night 0.99609
[I 220430 12:39:24 main:201] 2022-04-30_12-39-24.jpg: night 0.99609
[I 220430 12:39:34 main:201] 2022-04-30_12-39-33.jpg: night 0.99609
[I 220430 12:39:44 main:201] 2022-04-30_12-39-43.jpg: night 0.99609
[I 220430 12:39:54 main:201] 2022-04-30_12-39-53.jpg: night 0.99609
[I 220430 12:40:04 main:201] 2022-04-30_12-40-03.jpg: night 0.99609
[I 220430 12:40:14 main:201] 2022-04-30_12-40-13.jpg: night 0.99609
[I 220430 12:40:23 main:201] 2022-04-30_12-40-23.jpg: night 0.99609
[I 220430 12:40:33 main:201] 2022-04-30_12-40-33.jpg: night 0.99609
[I 220430 12:40:43 main:201] 2022-04-30_12-40-43.jpg: night 0.99609
[I 220430 12:40:53 main:201] 2022-04-30_12-40-53.jpg: night 0.99609
[I 220430 12:41:03 main:201] 2022-04-30_12-41-02.jpg: night 0.99609
[I 220430 12:41:13 main:201] 2022-04-30_12-41-12.jpg: night 0.99609
[I 220430 12:41:23 main:201] 2022-04-30_12-41-22.jpg: night 0.99609
[I 220430 12:41:33 main:201] 2022-04-30_12-41-32.jpg: night 0.99609
[I 220430 12:41:43 main:201] 2022-04-30_12-41-42.jpg: night 0.99609
[I 220430 12:41:53 main:201] 2022-04-30_12-41-52.jpg: night 0.99609
[I 220430 12:42:02 main:201] 2022-04-30_12-42-02.jpg: night 0.99609
[I 220430 12:42:12 main:201] 2022-04-30_12-42-12.jpg: night 0.99609
[I 220430 12:42:22 main:201] 2022-04-30_12-42-22.jpg: night 0.99609
[I 220430 12:42:32 main:201] 2022-04-30_12-42-32.jpg: night 0.99609
[I 220430 12:42:42 main:201] 2022-04-30_12-42-41.jpg: night 0.99609
[I 220430 12:42:52 main:201] 2022-04-30_12-42-51.jpg: night 0.99609
[I 220430 12:43:02 main:201] 2022-04-30_12-43-01.jpg: night 0.99609
[I 220430 12:43:12 main:201] 2022-04-30_12-43-11.jpg: night 0.99609
[I 220430 12:43:22 main:201] 2022-04-30_12-43-21.jpg: night 0.99609
[I 220430 12:43:31 main:201] 2022-04-30_12-43-31.jpg: night 0.99609
[I 220430 12:43:41 main:201] 2022-04-30_12-43-41.jpg: night 0.99609
[I 220430 12:43:51 main:201] 2022-04-30_12-43-51.jpg: night 0.99609
[I 220430 12:44:01 main:201] 2022-04-30_12-44-01.jpg: night 0.99609
[I 220430 12:44:11 main:201] 2022-04-30_12-44-10.jpg: night 0.99609
[I 220430 12:44:21 main:201] 2022-04-30_12-44-20.jpg: night 0.99609
[I 220430 12:44:31 main:201] 2022-04-30_12-44-30.jpg: night 0.99609
[I 220430 12:44:41 main:201] 2022-04-30_12-44-40.jpg: night 0.99609
[I 220430 12:44:51 main:201] 2022-04-30_12-44-50.jpg: night 0.99609
[I 220430 12:45:01 main:201] 2022-04-30_12-45-00.jpg: night 0.99609
[I 220430 12:45:10 main:201] 2022-04-30_12-45-10.jpg: night 0.99609
[I 220430 12:45:20 main:201] 2022-04-30_12-45-20.jpg: night 0.99609
[I 220430 12:45:30 main:201] 2022-04-30_12-45-30.jpg: night 0.99609
[I 220430 12:45:40 main:201] 2022-04-30_12-45-40.jpg: night 0.99609
[I 220430 12:45:50 main:201] 2022-04-30_12-45-49.jpg: night 0.99609
[I 220430 12:46:00 main:201] 2022-04-30_12-45-59.jpg: night 0.99609
[I 220430 12:46:10 main:201] 2022-04-30_12-46-09.jpg: night 0.99609
[I 220430 12:46:20 main:201] 2022-04-30_12-46-19.jpg: night 0.99609
[I 220430 12:46:29 main:201] 2022-04-30_12-46-29.jpg: night 0.99609
[I 220430 12:46:39 main:201] 2022-04-30_12-46-39.jpg: night 0.99609
[I 220430 12:46:49 main:201] 2022-04-30_12-46-49.jpg: night 0.99609
[I 220430 12:46:59 main:201] 2022-04-30_12-46-59.jpg: night 0.99609
[I 220430 12:47:09 main:201] 2022-04-30_12-47-08.jpg: night 0.99609
[I 220430 12:47:19 main:201] 2022-04-30_12-47-18.jpg: night 0.99609
[I 220430 12:47:29 main:201] 2022-04-30_12-47-28.jpg: night 0.99609
[I 220430 12:47:39 main:201] 2022-04-30_12-47-38.jpg: night 0.99609
[I 220430 12:47:49 main:201] 2022-04-30_12-47-48.jpg: night 0.99609
[I 220430 12:47:59 main:201] 2022-04-30_12-47-58.jpg: night 0.99609
[I 220430 12:48:08 main:201] 2022-04-30_12-48-08.jpg: night 0.99609
[I 220430 12:48:18 main:201] 2022-04-30_12-48-18.jpg: night 0.99609
[I 220430 12:48:28 main:201] 2022-04-30_12-48-28.jpg: night 0.99609
[I 220430 12:48:38 main:201] 2022-04-30_12-48-37.jpg: night 0.99609
[I 220430 12:48:48 main:201] 2022-04-30_12-48-47.jpg: night 0.99609
[I 220430 12:48:58 main:201] 2022-04-30_12-48-57.jpg: night 0.99609
[I 220430 12:49:08 main:201] 2022-04-30_12-49-07.jpg: night 0.99609
[I 220430 12:49:18 main:201] 2022-04-30_12-49-17.jpg: night 0.99609
[I 220430 12:49:27 main:201] 2022-04-30_12-49-27.jpg: night 0.99609
[I 220430 12:49:37 main:201] 2022-04-30_12-49-37.jpg: night 0.99609
[I 220430 12:49:47 main:201] 2022-04-30_12-49-47.jpg: night 0.99609
[I 220430 12:49:57 main:201] 2022-04-30_12-49-57.jpg: night 0.99609
[I 220430 12:50:07 main:201] 2022-04-30_12-50-06.jpg: night 0.99609
[I 220430 12:50:17 main:201] 2022-04-30_12-50-16.jpg: night 0.99609
[I 220430 12:50:27 main:201] 2022-04-30_12-50-26.jpg: night 0.99609
[I 220430 12:50:37 main:201] 2022-04-30_12-50-36.jpg: night 0.99609
[I 220430 12:50:47 main:201] 2022-04-30_12-50-46.jpg: night 0.99609
[I 220430 12:50:56 main:201] 2022-04-30_12-50-56.jpg: night 0.99609
[I 220430 12:51:06 main:201] 2022-04-30_12-51-06.jpg: night 0.99609
[I 220430 12:51:16 main:201] 2022-04-30_12-51-16.jpg: night 0.99609
[I 220430 12:51:26 main:201] 2022-04-30_12-51-26.jpg: night 0.99609
[I 220430 12:51:36 main:201] 2022-04-30_12-51-36.jpg: night 0.99609
[I 220430 12:51:46 main:201] 2022-04-30_12-51-45.jpg: night 0.99609
[I 220430 12:51:56 main:201] 2022-04-30_12-51-55.jpg: night 0.99609
[I 220430 12:52:06 main:201] 2022-04-30_12-52-05.jpg: night 0.99609
[I 220430 12:52:16 main:201] 2022-04-30_12-52-15.jpg: night 0.99609
[I 220430 12:52:25 main:201] 2022-04-30_12-52-25.jpg: night 0.99609
[I 220430 12:52:35 main:201] 2022-04-30_12-52-35.jpg: night 0.99609
[I 220430 12:52:45 main:201] 2022-04-30_12-52-45.jpg: night 0.99609
[I 220430 12:52:55 main:201] 2022-04-30_12-52-55.jpg: night 0.99609
[I 220430 12:53:05 main:201] 2022-04-30_12-53-05.jpg: night 0.99609
[I 220430 12:53:15 main:201] 2022-04-30_12-53-14.jpg: night 0.99609
[I 220430 12:53:25 main:201] 2022-04-30_12-53-24.jpg: night 0.99609
[I 220430 12:53:35 main:201] 2022-04-30_12-53-34.jpg: night 0.99609
[I 220430 12:53:45 main:201] 2022-04-30_12-53-44.jpg: night 0.99609
[I 220430 12:53:55 main:201] 2022-04-30_12-53-54.jpg: night 0.99609
[I 220430 12:54:04 main:201] 2022-04-30_12-54-04.jpg: night 0.99609
[I 220430 12:54:14 main:201] 2022-04-30_12-54-14.jpg: night 0.99609
[I 220430 12:54:24 main:201] 2022-04-30_12-54-24.jpg: night 0.99609
[I 220430 12:54:34 main:201] 2022-04-30_12-54-34.jpg: night 0.99609
[I 220430 12:54:44 main:201] 2022-04-30_12-54-44.jpg: night 0.99609
[I 220430 12:54:54 main:201] 2022-04-30_12-54-53.jpg: night 0.99609
[I 220430 12:55:04 main:201] 2022-04-30_12-55-03.jpg: night 0.99609
[I 220430 12:55:14 main:201] 2022-04-30_12-55-13.jpg: night 0.99609
[I 220430 12:55:24 main:201] 2022-04-30_12-55-23.jpg: night 0.99609
[I 220430 12:55:34 main:201] 2022-04-30_12-55-33.jpg: night 0.99609
[I 220430 12:55:43 main:201] 2022-04-30_12-55-43.jpg: night 0.99609
[I 220430 12:55:53 main:201] 2022-04-30_12-55-53.jpg: night 0.99609
[I 220430 12:56:03 main:201] 2022-04-30_12-56-03.jpg: night 0.99609
[I 220430 12:56:13 main:201] 2022-04-30_12-56-13.jpg: night 0.99609
[I 220430 12:56:23 main:201] 2022-04-30_12-56-22.jpg: night 0.99609
[I 220430 12:56:33 main:201] 2022-04-30_12-56-32.jpg: night 0.99609
[I 220430 12:56:43 main:201] 2022-04-30_12-56-42.jpg: night 0.99609
[I 220430 12:56:53 main:201] 2022-04-30_12-56-52.jpg: night 0.99609
[I 220430 12:57:03 main:201] 2022-04-30_12-57-02.jpg: night 0.99609
[I 220430 12:57:12 main:201] 2022-04-30_12-57-12.jpg: night 0.99609
[I 220430 12:57:22 main:201] 2022-04-30_12-57-22.jpg: night 0.99609
[I 220430 12:57:32 main:201] 2022-04-30_12-57-32.jpg: night 0.99609
[I 220430 12:57:42 main:201] 2022-04-30_12-57-42.jpg: night 0.99609
[I 220430 12:57:52 main:201] 2022-04-30_12-57-52.jpg: night 0.99609
[I 220430 12:58:02 main:201] 2022-04-30_12-58-01.jpg: night 0.99609
[I 220430 12:58:12 main:201] 2022-04-30_12-58-11.jpg: night 0.99609
[I 220430 12:58:22 main:201] 2022-04-30_12-58-21.jpg: night 0.99609
[I 220430 12:58:32 main:201] 2022-04-30_12-58-31.jpg: night 0.99609
[I 220430 12:58:42 main:201] 2022-04-30_12-58-41.jpg: night 0.99609
[I 220430 12:58:51 main:201] 2022-04-30_12-58-51.jpg: night 0.99609
[I 220430 12:59:01 main:201] 2022-04-30_12-59-01.jpg: night 0.99609
[I 220430 12:59:11 main:201] 2022-04-30_12-59-11.jpg: night 0.99609
[I 220430 12:59:21 main:201] 2022-04-30_12-59-20.jpg: night 0.99609
[I 220430 12:59:31 main:201] 2022-04-30_12-59-30.jpg: night 0.99609
[I 220430 12:59:41 main:201] 2022-04-30_12-59-40.jpg: night 0.99609
[I 220430 12:59:51 main:201] 2022-04-30_12-59-50.jpg: night 0.99609
[I 220430 13:00:01 main:201] 2022-04-30_13-00-00.jpg: night 0.99609
[I 220430 13:00:11 main:201] 2022-04-30_13-00-10.jpg: night 0.99609
[I 220430 13:00:20 main:201] 2022-04-30_13-00-20.jpg: night 0.99609
[I 220430 13:00:30 main:201] 2022-04-30_13-00-30.jpg: night 0.99609
[I 220430 13:00:40 main:201] 2022-04-30_13-00-40.jpg: night 0.99609
[I 220430 13:00:50 main:201] 2022-04-30_13-00-50.jpg: night 0.99609
[I 220430 13:01:00 main:201] 2022-04-30_13-00-59.jpg: night 0.99609
[I 220430 13:01:10 main:201] 2022-04-30_13-01-09.jpg: night 0.99609
[I 220430 13:01:20 main:201] 2022-04-30_13-01-19.jpg: night 0.99609
[I 220430 13:01:30 main:201] 2022-04-30_13-01-29.jpg: night 0.96484
[I 220430 13:01:40 main:201] 2022-04-30_13-01-39.jpg: twilight 0.94922
[I 220430 13:01:49 main:201] 2022-04-30_13-01-49.jpg: twilight 0.99609
[I 220430 13:01:59 main:201] 2022-04-30_13-01-59.jpg: twilight 0.99609
[I 220430 13:02:09 main:201] 2022-04-30_13-02-09.jpg: twilight 0.99609
[I 220430 13:02:19 main:201] 2022-04-30_13-02-19.jpg: twilight 0.99609
[I 220430 13:02:29 main:201] 2022-04-30_13-02-29.jpg: twilight 0.99609
[I 220430 13:02:39 main:201] 2022-04-30_13-02-38.jpg: twilight 0.99609
[I 220430 13:02:49 main:201] 2022-04-30_13-02-48.jpg: twilight 0.99609
[I 220430 13:02:59 main:201] 2022-04-30_13-02-58.jpg: twilight 0.99609
[I 220430 13:03:09 main:201] 2022-04-30_13-03-08.jpg: twilight 0.99609
[I 220430 13:03:19 main:201] 2022-04-30_13-03-18.jpg: twilight 0.73047
[I 220430 13:03:29 main:201] 2022-04-30_13-03-28.jpg: night 0.92188
[I 220430 13:03:38 main:201] 2022-04-30_13-03-38.jpg: night 0.96094
[I 220430 13:03:48 main:201] 2022-04-30_13-03-48.jpg: night 0.96484
[I 220430 13:03:58 main:201] 2022-04-30_13-03-58.jpg: night 0.97656
[I 220430 13:04:08 main:201] 2022-04-30_13-04-08.jpg: night 0.98047
[I 220430 13:04:18 main:201] 2022-04-30_13-04-17.jpg: night 0.97656
[I 220430 13:04:28 main:201] 2022-04-30_13-04-27.jpg: night 0.98047
[I 220430 13:04:38 main:201] 2022-04-30_13-04-37.jpg: night 0.98047
[I 220430 13:04:48 main:201] 2022-04-30_13-04-47.jpg: night 0.97266
[I 220430 13:04:58 main:201] 2022-04-30_13-04-57.jpg: night 0.94531
[I 220430 13:05:08 main:201] 2022-04-30_13-05-07.jpg: night 0.91406
[I 220430 13:05:17 main:201] 2022-04-30_13-05-17.jpg: night 0.91406
[I 220430 13:05:27 main:201] 2022-04-30_13-05-27.jpg: night 0.96094
[I 220430 13:05:37 main:201] 2022-04-30_13-05-37.jpg: night 0.96484
[I 220430 13:05:47 main:201] 2022-04-30_13-05-47.jpg: night 0.50391
[I 220430 13:05:57 main:201] 2022-04-30_13-05-57.jpg: night 0.59766
[I 220430 13:06:07 main:201] 2022-04-30_13-06-06.jpg: twilight 0.80078
[I 220430 13:06:17 main:201] 2022-04-30_13-06-16.jpg: twilight 0.73828
[I 220430 13:06:26 main:224] Stopped at 2022-04-30 13:06:26.746414
